Start testing: Apr 12 23:40 MSK
----------------------------------------------------------
1/111 Testing: /home/bekzat/Documents/Innopolis/3_years/advance_compiler/week-2-typechecker-for-stella-with-simple-extensions-rkBekzat/tests/core/ill-typed/added-test-1.stella
1/111 Test: /home/bekzat/Documents/Innopolis/3_years/advance_compiler/week-2-typechecker-for-stella-with-simple-extensions-rkBekzat/tests/core/ill-typed/added-test-1.stella
Command: "/home/bekzat/Documents/Innopolis/3_years/advance_compiler/week-2-typechecker-for-stella-with-simple-extensions-rkBekzat/cmake-build-debug/stella-interpreter" "typecheck" "/home/bekzat/Documents/Innopolis/3_years/advance_compiler/week-2-typechecker-for-stella-with-simple-extensions-rkBekzat/tests/core/ill-typed/added-test-1.stella"
Directory: /home/bekzat/Documents/Innopolis/3_years/advance_compiler/week-2-typechecker-for-stella-with-simple-extensions-rkBekzat/cmake-build-debug
"/home/bekzat/Documents/Innopolis/3_years/advance_compiler/week-2-typechecker-for-stella-with-simple-extensions-rkBekzat/tests/core/ill-typed/added-test-1.stella" start time: Apr 12 23:40 MSK
Output:
----------------------------------------------------------
parsing succeeded!
prog is not null
Start Program
visitLanguageCore
visitListExtension: 
visitListDecl: 
Visiting function declaration for function_chooser
visitListAnnotation: 
visitListParamDecl: 
visitAParamDecl
visitBool
AMAZING WOKR: Bool 

SET the stellIDENT: flag 1

Visiting StellaIdent: flag
SomereturnType
visitTypeFun
visitListType: 
Visiting NAT: 3  40
Visiting NAT: 3  48
visitNoThrowType
visitListDecl: 
visitAbstraction
visitListParamDecl: 
visitAParamDecl
visitTypeFun
visitListType: 
Visiting NAT: 4  26
Visiting NAT: 4  34
SET the stellIDENT: first 3

Visiting StellaIdent: first
visitAbstraction
visitListParamDecl: 
visitAParamDecl
visitTypeFun
visitListType: 
Visiting NAT: 5  31
Visiting NAT: 5  39
SET the stellIDENT: second 3

Visiting StellaIdent: second
VisitIf
visitVar
Visiting StellaIdent: flag
visitVar
Visiting StellaIdent: first
visitVar
Visiting StellaIdent: second
Fucntion go out: 3 3 3
Function name: function_chooser
ERROR: function should return another type
Line: 4
<end of output>
Test time =   0.01 sec
----------------------------------------------------------
Test Passed.
"/home/bekzat/Documents/Innopolis/3_years/advance_compiler/week-2-typechecker-for-stella-with-simple-extensions-rkBekzat/tests/core/ill-typed/added-test-1.stella" end time: Apr 12 23:40 MSK
"/home/bekzat/Documents/Innopolis/3_years/advance_compiler/week-2-typechecker-for-stella-with-simple-extensions-rkBekzat/tests/core/ill-typed/added-test-1.stella" time elapsed: 00:00:00
----------------------------------------------------------

2/111 Testing: /home/bekzat/Documents/Innopolis/3_years/advance_compiler/week-2-typechecker-for-stella-with-simple-extensions-rkBekzat/tests/core/ill-typed/added-test-2.stella
2/111 Test: /home/bekzat/Documents/Innopolis/3_years/advance_compiler/week-2-typechecker-for-stella-with-simple-extensions-rkBekzat/tests/core/ill-typed/added-test-2.stella
Command: "/home/bekzat/Documents/Innopolis/3_years/advance_compiler/week-2-typechecker-for-stella-with-simple-extensions-rkBekzat/cmake-build-debug/stella-interpreter" "typecheck" "/home/bekzat/Documents/Innopolis/3_years/advance_compiler/week-2-typechecker-for-stella-with-simple-extensions-rkBekzat/tests/core/ill-typed/added-test-2.stella"
Directory: /home/bekzat/Documents/Innopolis/3_years/advance_compiler/week-2-typechecker-for-stella-with-simple-extensions-rkBekzat/cmake-build-debug
"/home/bekzat/Documents/Innopolis/3_years/advance_compiler/week-2-typechecker-for-stella-with-simple-extensions-rkBekzat/tests/core/ill-typed/added-test-2.stella" start time: Apr 12 23:40 MSK
Output:
----------------------------------------------------------
parsing succeeded!
prog is not null
Start Program
visitLanguageCore
visitListExtension: 
visitListDecl: 
Visiting function declaration for B2N
visitListAnnotation: 
visitListParamDecl: 
visitAParamDecl
visitBool
AMAZING WOKR: Bool 

SET the stellIDENT: a 1

Visiting StellaIdent: a
SomereturnType
Visiting NAT: 3  20
visitNoThrowType
visitListDecl: 
VisitIf
visitVar
Visiting StellaIdent: a
ConstInt
visitInt: 0
visitSucc
ConstInt
visitInt: 0
Fucntion go out: 3 2 2
Function name: B2N
Visiting StellaIdent: B2N
Visiting function declaration for Bool::add_once
visitListAnnotation: 
visitListParamDecl: 
visitAParamDecl
visitBool
AMAZING WOKR: Bool 

SET the stellIDENT: a 1

Visiting StellaIdent: a
SomereturnType
Visiting NAT: 7  31
visitNoThrowType
visitListDecl: 
visitSucc
visitApplication
visitVar
Visiting StellaIdent: B2N
visitListExpr: 
----Before : 
visitVar
Visiting StellaIdent: a
Before end application: 3 2
Fucntion go out: 3 2 2
Function name: Bool::add_once
Visiting StellaIdent: Bool::add_once
Visiting function declaration for Bool::add_twice
visitListAnnotation: 
visitListParamDecl: 
visitAParamDecl
visitBool
AMAZING WOKR: Bool 

SET the stellIDENT: a 1

Visiting StellaIdent: a
SomereturnType
Visiting NAT: 11  32
visitNoThrowType
visitListDecl: 
visitSucc
visitSucc
visitApplication
visitVar
Visiting StellaIdent: B2N
visitListExpr: 
----Before : 
visitVar
Visiting StellaIdent: a
Before end application: 3 2
Fucntion go out: 3 2 2
Function name: Bool::add_twice
Visiting StellaIdent: Bool::add_twice
Visiting function declaration for Bool::function_chooser
visitListAnnotation: 
visitListParamDecl: 
visitAParamDecl
visitBool
AMAZING WOKR: Bool 

SET the stellIDENT: flag 1

Visiting StellaIdent: flag
SomereturnType
visitTypeFun
visitListType: 
visitTypeFun
visitListType: 
Visiting NAT: 15  49
Visiting NAT: 15  57
Visiting NAT: 15  65
visitNoThrowType
visitListDecl: 
visitAbstraction
visitListParamDecl: 
visitAParamDecl
visitTypeFun
visitListType: 
Visiting NAT: 16  26
Visiting NAT: 16  34
SET the stellIDENT: first 3

Visiting StellaIdent: first
VisitIf
visitVar
Visiting StellaIdent: flag
visitApplication
visitVar
Visiting StellaIdent: first
visitListExpr: 
----Before : 
visitVar
Visiting StellaIdent: flag
ERROR: mismatch this params on line: 17
1 2
0 0
0 0
<end of output>
Test time =   0.00 sec
----------------------------------------------------------
Test Passed.
"/home/bekzat/Documents/Innopolis/3_years/advance_compiler/week-2-typechecker-for-stella-with-simple-extensions-rkBekzat/tests/core/ill-typed/added-test-2.stella" end time: Apr 12 23:40 MSK
"/home/bekzat/Documents/Innopolis/3_years/advance_compiler/week-2-typechecker-for-stella-with-simple-extensions-rkBekzat/tests/core/ill-typed/added-test-2.stella" time elapsed: 00:00:00
----------------------------------------------------------

3/111 Testing: /home/bekzat/Documents/Innopolis/3_years/advance_compiler/week-2-typechecker-for-stella-with-simple-extensions-rkBekzat/tests/core/ill-typed/application-param-type.stella
3/111 Test: /home/bekzat/Documents/Innopolis/3_years/advance_compiler/week-2-typechecker-for-stella-with-simple-extensions-rkBekzat/tests/core/ill-typed/application-param-type.stella
Command: "/home/bekzat/Documents/Innopolis/3_years/advance_compiler/week-2-typechecker-for-stella-with-simple-extensions-rkBekzat/cmake-build-debug/stella-interpreter" "typecheck" "/home/bekzat/Documents/Innopolis/3_years/advance_compiler/week-2-typechecker-for-stella-with-simple-extensions-rkBekzat/tests/core/ill-typed/application-param-type.stella"
Directory: /home/bekzat/Documents/Innopolis/3_years/advance_compiler/week-2-typechecker-for-stella-with-simple-extensions-rkBekzat/cmake-build-debug
"/home/bekzat/Documents/Innopolis/3_years/advance_compiler/week-2-typechecker-for-stella-with-simple-extensions-rkBekzat/tests/core/ill-typed/application-param-type.stella" start time: Apr 12 23:40 MSK
Output:
----------------------------------------------------------
parsing succeeded!
prog is not null
Start Program
visitLanguageCore
visitListExtension: 
visitListDecl: 
Visiting function declaration for applTypeCheck
visitListAnnotation: 
visitListParamDecl: 
visitAParamDecl
Visiting NAT: 4  21
SET the stellIDENT: m 2

Visiting StellaIdent: m
SomereturnType
visitTypeFun
visitListType: 
Visiting NAT: 4  33
visitTypeFun
visitListType: 
Visiting NAT: 4  44
Visiting NAT: 4  52
visitNoThrowType
visitListDecl: 
visitAbstraction
visitListParamDecl: 
visitAParamDecl
Visiting NAT: 5  17
SET the stellIDENT: k 2

Visiting StellaIdent: k
visitAbstraction
visitListParamDecl: 
visitAParamDecl
Visiting NAT: 6  23
SET the stellIDENT: l 2

Visiting StellaIdent: l
visitSucc
visitVar
Visiting StellaIdent: l
Fucntion go out: 3 3 3
Function name: applTypeCheck
Visiting StellaIdent: applTypeCheck
Visiting function declaration for main
visitListAnnotation: 
visitListParamDecl: 
visitAParamDecl
Visiting NAT: 12  12
SET the stellIDENT: n 2

Visiting StellaIdent: n
SomereturnType
Visiting NAT: 12  20
visitNoThrowType
visitListDecl: 
visitApplication
visitApplication
visitApplication
visitVar
Visiting StellaIdent: applTypeCheck
visitListExpr: 
----Before : 
visitVar
Visiting StellaIdent: n
Before end application: 3 3
visitListExpr: 
----Before : 
ConstTrue 
ERROR: mismatch this params on line: 13
1 2
0 0
0 0
<end of output>
Test time =   0.00 sec
----------------------------------------------------------
Test Passed.
"/home/bekzat/Documents/Innopolis/3_years/advance_compiler/week-2-typechecker-for-stella-with-simple-extensions-rkBekzat/tests/core/ill-typed/application-param-type.stella" end time: Apr 12 23:40 MSK
"/home/bekzat/Documents/Innopolis/3_years/advance_compiler/week-2-typechecker-for-stella-with-simple-extensions-rkBekzat/tests/core/ill-typed/application-param-type.stella" time elapsed: 00:00:00
----------------------------------------------------------

4/111 Testing: /home/bekzat/Documents/Innopolis/3_years/advance_compiler/week-2-typechecker-for-stella-with-simple-extensions-rkBekzat/tests/core/ill-typed/applying-non-function-1.stella
4/111 Test: /home/bekzat/Documents/Innopolis/3_years/advance_compiler/week-2-typechecker-for-stella-with-simple-extensions-rkBekzat/tests/core/ill-typed/applying-non-function-1.stella
Command: "/home/bekzat/Documents/Innopolis/3_years/advance_compiler/week-2-typechecker-for-stella-with-simple-extensions-rkBekzat/cmake-build-debug/stella-interpreter" "typecheck" "/home/bekzat/Documents/Innopolis/3_years/advance_compiler/week-2-typechecker-for-stella-with-simple-extensions-rkBekzat/tests/core/ill-typed/applying-non-function-1.stella"
Directory: /home/bekzat/Documents/Innopolis/3_years/advance_compiler/week-2-typechecker-for-stella-with-simple-extensions-rkBekzat/cmake-build-debug
"/home/bekzat/Documents/Innopolis/3_years/advance_compiler/week-2-typechecker-for-stella-with-simple-extensions-rkBekzat/tests/core/ill-typed/applying-non-function-1.stella" start time: Apr 12 23:40 MSK
Output:
----------------------------------------------------------
parsing succeeded!
prog is not null
Start Program
visitLanguageCore
visitListExtension: 
visitListDecl: 
Visiting function declaration for main
visitListAnnotation: 
visitListParamDecl: 
visitAParamDecl
Visiting NAT: 3  12
SET the stellIDENT: f 2

Visiting StellaIdent: f
SomereturnType
Visiting NAT: 3  20
visitNoThrowType
visitListDecl: 
visitApplication
visitVar
Visiting StellaIdent: f
ERROR: This is not function. On line: 4 at position: 9
<end of output>
Test time =   0.00 sec
----------------------------------------------------------
Test Passed.
"/home/bekzat/Documents/Innopolis/3_years/advance_compiler/week-2-typechecker-for-stella-with-simple-extensions-rkBekzat/tests/core/ill-typed/applying-non-function-1.stella" end time: Apr 12 23:40 MSK
"/home/bekzat/Documents/Innopolis/3_years/advance_compiler/week-2-typechecker-for-stella-with-simple-extensions-rkBekzat/tests/core/ill-typed/applying-non-function-1.stella" time elapsed: 00:00:00
----------------------------------------------------------

5/111 Testing: /home/bekzat/Documents/Innopolis/3_years/advance_compiler/week-2-typechecker-for-stella-with-simple-extensions-rkBekzat/tests/core/ill-typed/applying-non-function-2.stella
5/111 Test: /home/bekzat/Documents/Innopolis/3_years/advance_compiler/week-2-typechecker-for-stella-with-simple-extensions-rkBekzat/tests/core/ill-typed/applying-non-function-2.stella
Command: "/home/bekzat/Documents/Innopolis/3_years/advance_compiler/week-2-typechecker-for-stella-with-simple-extensions-rkBekzat/cmake-build-debug/stella-interpreter" "typecheck" "/home/bekzat/Documents/Innopolis/3_years/advance_compiler/week-2-typechecker-for-stella-with-simple-extensions-rkBekzat/tests/core/ill-typed/applying-non-function-2.stella"
Directory: /home/bekzat/Documents/Innopolis/3_years/advance_compiler/week-2-typechecker-for-stella-with-simple-extensions-rkBekzat/cmake-build-debug
"/home/bekzat/Documents/Innopolis/3_years/advance_compiler/week-2-typechecker-for-stella-with-simple-extensions-rkBekzat/tests/core/ill-typed/applying-non-function-2.stella" start time: Apr 12 23:40 MSK
Output:
----------------------------------------------------------
parsing succeeded!
prog is not null
Start Program
visitLanguageCore
visitListExtension: 
visitListDecl: 
Visiting function declaration for main
visitListAnnotation: 
visitListParamDecl: 
visitAParamDecl
Visiting NAT: 3  12
SET the stellIDENT: n 2

Visiting StellaIdent: n
SomereturnType
Visiting NAT: 3  20
visitNoThrowType
visitListDecl: 
visitApplication
visitSucc
visitVar
Visiting StellaIdent: n
ERROR: This is not function. On line: 4 at position: 9
<end of output>
Test time =   0.00 sec
----------------------------------------------------------
Test Passed.
"/home/bekzat/Documents/Innopolis/3_years/advance_compiler/week-2-typechecker-for-stella-with-simple-extensions-rkBekzat/tests/core/ill-typed/applying-non-function-2.stella" end time: Apr 12 23:40 MSK
"/home/bekzat/Documents/Innopolis/3_years/advance_compiler/week-2-typechecker-for-stella-with-simple-extensions-rkBekzat/tests/core/ill-typed/applying-non-function-2.stella" time elapsed: 00:00:00
----------------------------------------------------------

6/111 Testing: /home/bekzat/Documents/Innopolis/3_years/advance_compiler/week-2-typechecker-for-stella-with-simple-extensions-rkBekzat/tests/core/ill-typed/applying-non-function-3.stella
6/111 Test: /home/bekzat/Documents/Innopolis/3_years/advance_compiler/week-2-typechecker-for-stella-with-simple-extensions-rkBekzat/tests/core/ill-typed/applying-non-function-3.stella
Command: "/home/bekzat/Documents/Innopolis/3_years/advance_compiler/week-2-typechecker-for-stella-with-simple-extensions-rkBekzat/cmake-build-debug/stella-interpreter" "typecheck" "/home/bekzat/Documents/Innopolis/3_years/advance_compiler/week-2-typechecker-for-stella-with-simple-extensions-rkBekzat/tests/core/ill-typed/applying-non-function-3.stella"
Directory: /home/bekzat/Documents/Innopolis/3_years/advance_compiler/week-2-typechecker-for-stella-with-simple-extensions-rkBekzat/cmake-build-debug
"/home/bekzat/Documents/Innopolis/3_years/advance_compiler/week-2-typechecker-for-stella-with-simple-extensions-rkBekzat/tests/core/ill-typed/applying-non-function-3.stella" start time: Apr 12 23:40 MSK
Output:
----------------------------------------------------------
parsing succeeded!
prog is not null
Start Program
visitLanguageCore
visitListExtension: 
visitListDecl: 
Visiting function declaration for main
visitListAnnotation: 
visitListParamDecl: 
visitAParamDecl
Visiting NAT: 3  12
SET the stellIDENT: n 2

Visiting StellaIdent: n
SomereturnType
Visiting NAT: 3  20
visitNoThrowType
visitListDecl: 
visitApplication
visitApplication
visitApplication
visitAbstraction
visitListParamDecl: 
visitAParamDecl
visitBool
AMAZING WOKR: Bool 

SET the stellIDENT: x 1

Visiting StellaIdent: x
visitAbstraction
visitListParamDecl: 
visitAParamDecl
Visiting NAT: 4  39
SET the stellIDENT: y 2

Visiting StellaIdent: y
visitSucc
visitVar
Visiting StellaIdent: y
visitListExpr: 
----Before : 
ConstFalse
Before end application: 3 3
visitListExpr: 
----Before : 
ConstInt
visitInt: 0
Before end application: 3 2
ERROR: This is not function. On line: 4 at position: 9
<end of output>
Test time =   0.00 sec
----------------------------------------------------------
Test Passed.
"/home/bekzat/Documents/Innopolis/3_years/advance_compiler/week-2-typechecker-for-stella-with-simple-extensions-rkBekzat/tests/core/ill-typed/applying-non-function-3.stella" end time: Apr 12 23:40 MSK
"/home/bekzat/Documents/Innopolis/3_years/advance_compiler/week-2-typechecker-for-stella-with-simple-extensions-rkBekzat/tests/core/ill-typed/applying-non-function-3.stella" time elapsed: 00:00:00
----------------------------------------------------------

7/111 Testing: /home/bekzat/Documents/Innopolis/3_years/advance_compiler/week-2-typechecker-for-stella-with-simple-extensions-rkBekzat/tests/core/ill-typed/argument-type-mismatch-1.stella
7/111 Test: /home/bekzat/Documents/Innopolis/3_years/advance_compiler/week-2-typechecker-for-stella-with-simple-extensions-rkBekzat/tests/core/ill-typed/argument-type-mismatch-1.stella
Command: "/home/bekzat/Documents/Innopolis/3_years/advance_compiler/week-2-typechecker-for-stella-with-simple-extensions-rkBekzat/cmake-build-debug/stella-interpreter" "typecheck" "/home/bekzat/Documents/Innopolis/3_years/advance_compiler/week-2-typechecker-for-stella-with-simple-extensions-rkBekzat/tests/core/ill-typed/argument-type-mismatch-1.stella"
Directory: /home/bekzat/Documents/Innopolis/3_years/advance_compiler/week-2-typechecker-for-stella-with-simple-extensions-rkBekzat/cmake-build-debug
"/home/bekzat/Documents/Innopolis/3_years/advance_compiler/week-2-typechecker-for-stella-with-simple-extensions-rkBekzat/tests/core/ill-typed/argument-type-mismatch-1.stella" start time: Apr 12 23:40 MSK
Output:
----------------------------------------------------------
parsing succeeded!
prog is not null
Start Program
visitLanguageCore
visitListExtension: 
visitListDecl: 
Visiting function declaration for main
visitListAnnotation: 
visitListParamDecl: 
visitAParamDecl
Visiting NAT: 3  12
SET the stellIDENT: n 2

Visiting StellaIdent: n
SomereturnType
Visiting NAT: 3  20
visitNoThrowType
visitListDecl: 
visitApplication
visitApplication
visitAbstraction
visitListParamDecl: 
visitAParamDecl
visitBool
AMAZING WOKR: Bool 

SET the stellIDENT: x 1

Visiting StellaIdent: x
visitAbstraction
visitListParamDecl: 
visitAParamDecl
Visiting NAT: 4  39
SET the stellIDENT: y 2

Visiting StellaIdent: y
visitSucc
visitVar
Visiting StellaIdent: y
visitListExpr: 
----Before : 
ConstInt
visitInt: 0
ERROR: mismatch this params on line: 4
2 1
0 0
0 0
<end of output>
Test time =   0.00 sec
----------------------------------------------------------
Test Passed.
"/home/bekzat/Documents/Innopolis/3_years/advance_compiler/week-2-typechecker-for-stella-with-simple-extensions-rkBekzat/tests/core/ill-typed/argument-type-mismatch-1.stella" end time: Apr 12 23:40 MSK
"/home/bekzat/Documents/Innopolis/3_years/advance_compiler/week-2-typechecker-for-stella-with-simple-extensions-rkBekzat/tests/core/ill-typed/argument-type-mismatch-1.stella" time elapsed: 00:00:00
----------------------------------------------------------

8/111 Testing: /home/bekzat/Documents/Innopolis/3_years/advance_compiler/week-2-typechecker-for-stella-with-simple-extensions-rkBekzat/tests/core/ill-typed/argument-type-mismatch-2.stella
8/111 Test: /home/bekzat/Documents/Innopolis/3_years/advance_compiler/week-2-typechecker-for-stella-with-simple-extensions-rkBekzat/tests/core/ill-typed/argument-type-mismatch-2.stella
Command: "/home/bekzat/Documents/Innopolis/3_years/advance_compiler/week-2-typechecker-for-stella-with-simple-extensions-rkBekzat/cmake-build-debug/stella-interpreter" "typecheck" "/home/bekzat/Documents/Innopolis/3_years/advance_compiler/week-2-typechecker-for-stella-with-simple-extensions-rkBekzat/tests/core/ill-typed/argument-type-mismatch-2.stella"
Directory: /home/bekzat/Documents/Innopolis/3_years/advance_compiler/week-2-typechecker-for-stella-with-simple-extensions-rkBekzat/cmake-build-debug
"/home/bekzat/Documents/Innopolis/3_years/advance_compiler/week-2-typechecker-for-stella-with-simple-extensions-rkBekzat/tests/core/ill-typed/argument-type-mismatch-2.stella" start time: Apr 12 23:40 MSK
Output:
----------------------------------------------------------
parsing succeeded!
prog is not null
Start Program
visitLanguageCore
visitListExtension: 
visitListDecl: 
Visiting function declaration for iszero
visitListAnnotation: 
visitListParamDecl: 
visitAParamDecl
Visiting NAT: 3  14
SET the stellIDENT: n 2

Visiting StellaIdent: n
SomereturnType
visitBool
AMAZING WOKR: Bool 

visitNoThrowType
visitListDecl: 
visitNatRec
visitVar
Visiting StellaIdent: n
ConstTrue 
visitAbstraction
visitListParamDecl: 
visitAParamDecl
Visiting NAT: 4  36
SET the stellIDENT: i 2

Visiting StellaIdent: i
visitAbstraction
visitListParamDecl: 
visitAParamDecl
visitBool
AMAZING WOKR: Bool 

SET the stellIDENT: r 1

Visiting StellaIdent: r
ConstTrue 
Fucntion go out: 3 1 1
Function name: iszero
Visiting StellaIdent: iszero
Visiting function declaration for f
visitListAnnotation: 
visitListParamDecl: 
visitAParamDecl
visitTypeFun
visitListType: 
visitBool
AMAZING WOKR: Bool 

Visiting NAT: 11  21
SET the stellIDENT: g 3

Visiting StellaIdent: g
SomereturnType
visitTypeFun
visitListType: 
Visiting NAT: 11  32
Visiting NAT: 11  40
visitNoThrowType
visitListDecl: 
visitAbstraction
visitListParamDecl: 
visitAParamDecl
Visiting NAT: 12  18
SET the stellIDENT: n 2

Visiting StellaIdent: n
visitApplication
visitVar
Visiting StellaIdent: g
visitListExpr: 
----Before : 
VisitIf
visitApplication
visitVar
Visiting StellaIdent: iszero
visitListExpr: 
----Before : 
visitVar
Visiting StellaIdent: n
Before end application: 3 1
ConstFalse
ConstTrue 
Before end application: 3 2
Fucntion go out: 3 3 3
Function name: f
Visiting StellaIdent: f
Visiting function declaration for main
visitListAnnotation: 
visitListParamDecl: 
visitAParamDecl
Visiting NAT: 17  12
SET the stellIDENT: n 2

Visiting StellaIdent: n
SomereturnType
Visiting NAT: 17  20
visitNoThrowType
visitListDecl: 
visitApplication
visitApplication
visitVar
Visiting StellaIdent: f
visitListExpr: 
----Before : 
visitAbstraction
visitListParamDecl: 
visitAParamDecl
Visiting NAT: 18  19
SET the stellIDENT: x 2

Visiting StellaIdent: x
visitVar
Visiting StellaIdent: n
ERROR: mismatch this params on line: 18
3 3
1 1
1 1
<end of output>
Test time =   0.00 sec
----------------------------------------------------------
Test Passed.
"/home/bekzat/Documents/Innopolis/3_years/advance_compiler/week-2-typechecker-for-stella-with-simple-extensions-rkBekzat/tests/core/ill-typed/argument-type-mismatch-2.stella" end time: Apr 12 23:40 MSK
"/home/bekzat/Documents/Innopolis/3_years/advance_compiler/week-2-typechecker-for-stella-with-simple-extensions-rkBekzat/tests/core/ill-typed/argument-type-mismatch-2.stella" time elapsed: 00:00:00
----------------------------------------------------------

9/111 Testing: /home/bekzat/Documents/Innopolis/3_years/advance_compiler/week-2-typechecker-for-stella-with-simple-extensions-rkBekzat/tests/core/ill-typed/argument-type-mismatch-3.stella
9/111 Test: /home/bekzat/Documents/Innopolis/3_years/advance_compiler/week-2-typechecker-for-stella-with-simple-extensions-rkBekzat/tests/core/ill-typed/argument-type-mismatch-3.stella
Command: "/home/bekzat/Documents/Innopolis/3_years/advance_compiler/week-2-typechecker-for-stella-with-simple-extensions-rkBekzat/cmake-build-debug/stella-interpreter" "typecheck" "/home/bekzat/Documents/Innopolis/3_years/advance_compiler/week-2-typechecker-for-stella-with-simple-extensions-rkBekzat/tests/core/ill-typed/argument-type-mismatch-3.stella"
Directory: /home/bekzat/Documents/Innopolis/3_years/advance_compiler/week-2-typechecker-for-stella-with-simple-extensions-rkBekzat/cmake-build-debug
"/home/bekzat/Documents/Innopolis/3_years/advance_compiler/week-2-typechecker-for-stella-with-simple-extensions-rkBekzat/tests/core/ill-typed/argument-type-mismatch-3.stella" start time: Apr 12 23:40 MSK
Output:
----------------------------------------------------------
parsing succeeded!
prog is not null
Start Program
visitLanguageCore
visitListExtension: 
visitListDecl: 
Visiting function declaration for iszero
visitListAnnotation: 
visitListParamDecl: 
visitAParamDecl
Visiting NAT: 3  14
SET the stellIDENT: n 2

Visiting StellaIdent: n
SomereturnType
visitBool
AMAZING WOKR: Bool 

visitNoThrowType
visitListDecl: 
visitNatRec
visitVar
Visiting StellaIdent: n
ConstTrue 
visitAbstraction
visitListParamDecl: 
visitAParamDecl
Visiting NAT: 4  36
SET the stellIDENT: i 2

Visiting StellaIdent: i
visitAbstraction
visitListParamDecl: 
visitAParamDecl
visitBool
AMAZING WOKR: Bool 

SET the stellIDENT: r 1

Visiting StellaIdent: r
ConstTrue 
Fucntion go out: 3 1 1
Function name: iszero
Visiting StellaIdent: iszero
Visiting function declaration for k
visitListAnnotation: 
visitListParamDecl: 
visitAParamDecl
visitTypeFun
visitListType: 
Visiting NAT: 11  12
visitTypeFun
visitListType: 
visitTypeFun
visitListType: 
Visiting NAT: 11  27
visitBool
AMAZING WOKR: Bool 

Visiting NAT: 11  44
SET the stellIDENT: g 3

Visiting StellaIdent: g
SomereturnType
Visiting NAT: 11  53
visitNoThrowType
visitListDecl: 
visitApplication
visitApplication
visitVar
Visiting StellaIdent: g
visitListExpr: 
----Before : 
visitSucc
visitSucc
ConstInt
visitInt: 0
Before end application: 3 3
visitListExpr: 
----Before : 
visitAbstraction
visitListParamDecl: 
visitAParamDecl
Visiting NAT: 12  35
SET the stellIDENT: k 2

Visiting StellaIdent: k
VisitIf
visitApplication
visitVar
Visiting StellaIdent: iszero
visitListExpr: 
----Before : 
visitVar
Visiting StellaIdent: k
Before end application: 3 1
ConstFalse
ConstTrue 
Before end application: 3 2
Fucntion go out: 3 2 2
Function name: k
Visiting StellaIdent: k
Visiting function declaration for main
visitListAnnotation: 
visitListParamDecl: 
visitAParamDecl
Visiting NAT: 17  12
SET the stellIDENT: n 2

Visiting StellaIdent: n
SomereturnType
Visiting NAT: 17  20
visitNoThrowType
visitListDecl: 
visitApplication
visitVar
Visiting StellaIdent: k
visitListExpr: 
----Before : 
visitAbstraction
visitListParamDecl: 
visitAParamDecl
Visiting NAT: 18  19
SET the stellIDENT: n 2

Visiting StellaIdent: n
visitAbstraction
visitListParamDecl: 
visitAParamDecl
visitTypeFun
visitListType: 
Visiting NAT: 19  23
Visiting NAT: 19  31
SET the stellIDENT: h 3

Visiting StellaIdent: h
visitApplication
visitVar
Visiting StellaIdent: h
visitListExpr: 
----Before : 
visitSucc
visitVar
Visiting StellaIdent: n
Before end application: 3 2
ERROR: mismatch this params on line: 18
3 3
1 1
1 1
<end of output>
Test time =   0.00 sec
----------------------------------------------------------
Test Passed.
"/home/bekzat/Documents/Innopolis/3_years/advance_compiler/week-2-typechecker-for-stella-with-simple-extensions-rkBekzat/tests/core/ill-typed/argument-type-mismatch-3.stella" end time: Apr 12 23:40 MSK
"/home/bekzat/Documents/Innopolis/3_years/advance_compiler/week-2-typechecker-for-stella-with-simple-extensions-rkBekzat/tests/core/ill-typed/argument-type-mismatch-3.stella" time elapsed: 00:00:00
----------------------------------------------------------

10/111 Testing: /home/bekzat/Documents/Innopolis/3_years/advance_compiler/week-2-typechecker-for-stella-with-simple-extensions-rkBekzat/tests/core/ill-typed/argument-type-mismatch-4.stella
10/111 Test: /home/bekzat/Documents/Innopolis/3_years/advance_compiler/week-2-typechecker-for-stella-with-simple-extensions-rkBekzat/tests/core/ill-typed/argument-type-mismatch-4.stella
Command: "/home/bekzat/Documents/Innopolis/3_years/advance_compiler/week-2-typechecker-for-stella-with-simple-extensions-rkBekzat/cmake-build-debug/stella-interpreter" "typecheck" "/home/bekzat/Documents/Innopolis/3_years/advance_compiler/week-2-typechecker-for-stella-with-simple-extensions-rkBekzat/tests/core/ill-typed/argument-type-mismatch-4.stella"
Directory: /home/bekzat/Documents/Innopolis/3_years/advance_compiler/week-2-typechecker-for-stella-with-simple-extensions-rkBekzat/cmake-build-debug
"/home/bekzat/Documents/Innopolis/3_years/advance_compiler/week-2-typechecker-for-stella-with-simple-extensions-rkBekzat/tests/core/ill-typed/argument-type-mismatch-4.stella" start time: Apr 12 23:40 MSK
Output:
----------------------------------------------------------
parsing succeeded!
prog is not null
Start Program
visitLanguageCore
visitListExtension: 
visitListDecl: 
Visiting function declaration for Nat::add
visitListAnnotation: 
visitListParamDecl: 
visitAParamDecl
Visiting NAT: 3  16
SET the stellIDENT: n 2

Visiting StellaIdent: n
SomereturnType
visitTypeFun
visitListType: 
Visiting NAT: 3  28
Visiting NAT: 3  36
visitNoThrowType
visitListDecl: 
visitAbstraction
visitListParamDecl: 
visitAParamDecl
Visiting NAT: 4  16
SET the stellIDENT: m 2

Visiting StellaIdent: m
visitNatRec
visitVar
Visiting StellaIdent: n
visitVar
Visiting StellaIdent: m
visitAbstraction
visitListParamDecl: 
visitAParamDecl
Visiting NAT: 5  33
SET the stellIDENT: i 2

Visiting StellaIdent: i
visitAbstraction
visitListParamDecl: 
visitAParamDecl
Visiting NAT: 6  21
SET the stellIDENT: r 2

Visiting StellaIdent: r
visitSucc
visitVar
Visiting StellaIdent: r
Fucntion go out: 3 3 3
Function name: Nat::add
Visiting StellaIdent: Nat::add
Visiting function declaration for main
visitListAnnotation: 
visitListParamDecl: 
visitAParamDecl
Visiting NAT: 12  12
SET the stellIDENT: x 2

Visiting StellaIdent: x
SomereturnType
Visiting NAT: 12  20
visitNoThrowType
visitListDecl: 
visitApplication
visitVar
Visiting StellaIdent: Nat::add
visitListExpr: 
----Before : 
visitVar
Visiting StellaIdent: x
----Before : 
ConstInt
visitInt: 3
Before end application: 3 3
Fucntion go out: 3 2 3
Function name: main
ERROR: function should return another type
Line: 13
<end of output>
Test time =   0.00 sec
----------------------------------------------------------
Test Passed.
"/home/bekzat/Documents/Innopolis/3_years/advance_compiler/week-2-typechecker-for-stella-with-simple-extensions-rkBekzat/tests/core/ill-typed/argument-type-mismatch-4.stella" end time: Apr 12 23:40 MSK
"/home/bekzat/Documents/Innopolis/3_years/advance_compiler/week-2-typechecker-for-stella-with-simple-extensions-rkBekzat/tests/core/ill-typed/argument-type-mismatch-4.stella" time elapsed: 00:00:00
----------------------------------------------------------

11/111 Testing: /home/bekzat/Documents/Innopolis/3_years/advance_compiler/week-2-typechecker-for-stella-with-simple-extensions-rkBekzat/tests/core/ill-typed/bad-abstraction.stella
11/111 Test: /home/bekzat/Documents/Innopolis/3_years/advance_compiler/week-2-typechecker-for-stella-with-simple-extensions-rkBekzat/tests/core/ill-typed/bad-abstraction.stella
Command: "/home/bekzat/Documents/Innopolis/3_years/advance_compiler/week-2-typechecker-for-stella-with-simple-extensions-rkBekzat/cmake-build-debug/stella-interpreter" "typecheck" "/home/bekzat/Documents/Innopolis/3_years/advance_compiler/week-2-typechecker-for-stella-with-simple-extensions-rkBekzat/tests/core/ill-typed/bad-abstraction.stella"
Directory: /home/bekzat/Documents/Innopolis/3_years/advance_compiler/week-2-typechecker-for-stella-with-simple-extensions-rkBekzat/cmake-build-debug
"/home/bekzat/Documents/Innopolis/3_years/advance_compiler/week-2-typechecker-for-stella-with-simple-extensions-rkBekzat/tests/core/ill-typed/bad-abstraction.stella" start time: Apr 12 23:40 MSK
Output:
----------------------------------------------------------
parsing succeeded!
prog is not null
Start Program
visitLanguageCore
visitListExtension: 
visitListDecl: 
Visiting function declaration for badAbstraction
visitListAnnotation: 
visitListParamDecl: 
visitAParamDecl
Visiting NAT: 3  22
SET the stellIDENT: n 2

Visiting StellaIdent: n
SomereturnType
visitTypeFun
visitListType: 
Visiting NAT: 3  33
Visiting NAT: 3  41
visitNoThrowType
visitListDecl: 
visitAbstraction
visitListParamDecl: 
visitAParamDecl
Visiting NAT: 4  18
SET the stellIDENT: a 2

Visiting StellaIdent: a
visitIsZero
visitSucc
visitVar
Visiting StellaIdent: a
Fucntion go out: 3 3 3
Function name: badAbstraction
Visiting StellaIdent: badAbstraction
Visiting function declaration for main
visitListAnnotation: 
visitListParamDecl: 
visitAParamDecl
Visiting NAT: 9  12
SET the stellIDENT: n 2

Visiting StellaIdent: n
SomereturnType
Visiting NAT: 9  20
visitNoThrowType
visitListDecl: 
visitApplication
visitVar
Visiting StellaIdent: badAbstraction
visitListExpr: 
----Before : 
visitVar
Visiting StellaIdent: n
Before end application: 3 3
Fucntion go out: 3 2 3
Function name: main
ERROR: function should return another type
Line: 10
<end of output>
Test time =   0.00 sec
----------------------------------------------------------
Test Passed.
"/home/bekzat/Documents/Innopolis/3_years/advance_compiler/week-2-typechecker-for-stella-with-simple-extensions-rkBekzat/tests/core/ill-typed/bad-abstraction.stella" end time: Apr 12 23:40 MSK
"/home/bekzat/Documents/Innopolis/3_years/advance_compiler/week-2-typechecker-for-stella-with-simple-extensions-rkBekzat/tests/core/ill-typed/bad-abstraction.stella" time elapsed: 00:00:00
----------------------------------------------------------

12/111 Testing: /home/bekzat/Documents/Innopolis/3_years/advance_compiler/week-2-typechecker-for-stella-with-simple-extensions-rkBekzat/tests/core/ill-typed/bad-add-1.stella
12/111 Test: /home/bekzat/Documents/Innopolis/3_years/advance_compiler/week-2-typechecker-for-stella-with-simple-extensions-rkBekzat/tests/core/ill-typed/bad-add-1.stella
Command: "/home/bekzat/Documents/Innopolis/3_years/advance_compiler/week-2-typechecker-for-stella-with-simple-extensions-rkBekzat/cmake-build-debug/stella-interpreter" "typecheck" "/home/bekzat/Documents/Innopolis/3_years/advance_compiler/week-2-typechecker-for-stella-with-simple-extensions-rkBekzat/tests/core/ill-typed/bad-add-1.stella"
Directory: /home/bekzat/Documents/Innopolis/3_years/advance_compiler/week-2-typechecker-for-stella-with-simple-extensions-rkBekzat/cmake-build-debug
"/home/bekzat/Documents/Innopolis/3_years/advance_compiler/week-2-typechecker-for-stella-with-simple-extensions-rkBekzat/tests/core/ill-typed/bad-add-1.stella" start time: Apr 12 23:40 MSK
Output:
----------------------------------------------------------
parsing succeeded!
prog is not null
Start Program
visitLanguageCore
visitListExtension: 
visitListDecl: 
Visiting function declaration for add_fn
visitListAnnotation: 
visitListParamDecl: 
visitAParamDecl
Visiting NAT: 3  14
SET the stellIDENT: n 2

Visiting StellaIdent: n
visitAParamDecl
visitBool
AMAZING WOKR: Bool 

SET the stellIDENT: m 1

Visiting StellaIdent: m
SomereturnType
Visiting NAT: 3  32
visitNoThrowType
visitListDecl: 
visitAdd
visitVar
Visiting StellaIdent: n
visitVar
Visiting StellaIdent: m
ERROR: add operator work for NAT, on line: 4
<end of output>
Test time =   0.00 sec
----------------------------------------------------------
Test Passed.
"/home/bekzat/Documents/Innopolis/3_years/advance_compiler/week-2-typechecker-for-stella-with-simple-extensions-rkBekzat/tests/core/ill-typed/bad-add-1.stella" end time: Apr 12 23:40 MSK
"/home/bekzat/Documents/Innopolis/3_years/advance_compiler/week-2-typechecker-for-stella-with-simple-extensions-rkBekzat/tests/core/ill-typed/bad-add-1.stella" time elapsed: 00:00:00
----------------------------------------------------------

13/111 Testing: /home/bekzat/Documents/Innopolis/3_years/advance_compiler/week-2-typechecker-for-stella-with-simple-extensions-rkBekzat/tests/core/ill-typed/bad-cmp-1.stella
13/111 Test: /home/bekzat/Documents/Innopolis/3_years/advance_compiler/week-2-typechecker-for-stella-with-simple-extensions-rkBekzat/tests/core/ill-typed/bad-cmp-1.stella
Command: "/home/bekzat/Documents/Innopolis/3_years/advance_compiler/week-2-typechecker-for-stella-with-simple-extensions-rkBekzat/cmake-build-debug/stella-interpreter" "typecheck" "/home/bekzat/Documents/Innopolis/3_years/advance_compiler/week-2-typechecker-for-stella-with-simple-extensions-rkBekzat/tests/core/ill-typed/bad-cmp-1.stella"
Directory: /home/bekzat/Documents/Innopolis/3_years/advance_compiler/week-2-typechecker-for-stella-with-simple-extensions-rkBekzat/cmake-build-debug
"/home/bekzat/Documents/Innopolis/3_years/advance_compiler/week-2-typechecker-for-stella-with-simple-extensions-rkBekzat/tests/core/ill-typed/bad-cmp-1.stella" start time: Apr 12 23:40 MSK
Output:
----------------------------------------------------------
parsing succeeded!
prog is not null
Start Program
visitLanguageCore
visitListExtension: 
visitListDecl: 
Visiting function declaration for cmp_fn
visitListAnnotation: 
visitListParamDecl: 
visitAParamDecl
Visiting NAT: 3  14
SET the stellIDENT: n 2

Visiting StellaIdent: n
visitAParamDecl
visitBool
AMAZING WOKR: Bool 

SET the stellIDENT: m 1

Visiting StellaIdent: m
SomereturnType
Visiting NAT: 3  32
visitNoThrowType
visitListDecl: 
VisitIf
LessThan
visitVar
Visiting StellaIdent: n
visitVar
Visiting StellaIdent: m
ERROR: Should be Nat type, on line: 4
<end of output>
Test time =   0.00 sec
----------------------------------------------------------
Test Passed.
"/home/bekzat/Documents/Innopolis/3_years/advance_compiler/week-2-typechecker-for-stella-with-simple-extensions-rkBekzat/tests/core/ill-typed/bad-cmp-1.stella" end time: Apr 12 23:40 MSK
"/home/bekzat/Documents/Innopolis/3_years/advance_compiler/week-2-typechecker-for-stella-with-simple-extensions-rkBekzat/tests/core/ill-typed/bad-cmp-1.stella" time elapsed: 00:00:00
----------------------------------------------------------

14/111 Testing: /home/bekzat/Documents/Innopolis/3_years/advance_compiler/week-2-typechecker-for-stella-with-simple-extensions-rkBekzat/tests/core/ill-typed/bad-cmp-2.stella
14/111 Test: /home/bekzat/Documents/Innopolis/3_years/advance_compiler/week-2-typechecker-for-stella-with-simple-extensions-rkBekzat/tests/core/ill-typed/bad-cmp-2.stella
Command: "/home/bekzat/Documents/Innopolis/3_years/advance_compiler/week-2-typechecker-for-stella-with-simple-extensions-rkBekzat/cmake-build-debug/stella-interpreter" "typecheck" "/home/bekzat/Documents/Innopolis/3_years/advance_compiler/week-2-typechecker-for-stella-with-simple-extensions-rkBekzat/tests/core/ill-typed/bad-cmp-2.stella"
Directory: /home/bekzat/Documents/Innopolis/3_years/advance_compiler/week-2-typechecker-for-stella-with-simple-extensions-rkBekzat/cmake-build-debug
"/home/bekzat/Documents/Innopolis/3_years/advance_compiler/week-2-typechecker-for-stella-with-simple-extensions-rkBekzat/tests/core/ill-typed/bad-cmp-2.stella" start time: Apr 12 23:40 MSK
Output:
----------------------------------------------------------
parsing succeeded!
prog is not null
Start Program
visitLanguageCore
visitListExtension: 
visitListDecl: 
Visiting function declaration for cmp_fn
visitListAnnotation: 
visitListParamDecl: 
visitAParamDecl
Visiting NAT: 3  14
SET the stellIDENT: n 2

Visiting StellaIdent: n
visitAParamDecl
visitBool
AMAZING WOKR: Bool 

SET the stellIDENT: m 1

Visiting StellaIdent: m
SomereturnType
Visiting NAT: 3  32
visitNoThrowType
visitListDecl: 
VisitIf
LessOrEqual
visitVar
Visiting StellaIdent: n
visitVar
Visiting StellaIdent: m
ERROR: Should be Nat type, on line: 4
<end of output>
Test time =   0.00 sec
----------------------------------------------------------
Test Passed.
"/home/bekzat/Documents/Innopolis/3_years/advance_compiler/week-2-typechecker-for-stella-with-simple-extensions-rkBekzat/tests/core/ill-typed/bad-cmp-2.stella" end time: Apr 12 23:40 MSK
"/home/bekzat/Documents/Innopolis/3_years/advance_compiler/week-2-typechecker-for-stella-with-simple-extensions-rkBekzat/tests/core/ill-typed/bad-cmp-2.stella" time elapsed: 00:00:00
----------------------------------------------------------

15/111 Testing: /home/bekzat/Documents/Innopolis/3_years/advance_compiler/week-2-typechecker-for-stella-with-simple-extensions-rkBekzat/tests/core/ill-typed/bad-cmp-3.stella
15/111 Test: /home/bekzat/Documents/Innopolis/3_years/advance_compiler/week-2-typechecker-for-stella-with-simple-extensions-rkBekzat/tests/core/ill-typed/bad-cmp-3.stella
Command: "/home/bekzat/Documents/Innopolis/3_years/advance_compiler/week-2-typechecker-for-stella-with-simple-extensions-rkBekzat/cmake-build-debug/stella-interpreter" "typecheck" "/home/bekzat/Documents/Innopolis/3_years/advance_compiler/week-2-typechecker-for-stella-with-simple-extensions-rkBekzat/tests/core/ill-typed/bad-cmp-3.stella"
Directory: /home/bekzat/Documents/Innopolis/3_years/advance_compiler/week-2-typechecker-for-stella-with-simple-extensions-rkBekzat/cmake-build-debug
"/home/bekzat/Documents/Innopolis/3_years/advance_compiler/week-2-typechecker-for-stella-with-simple-extensions-rkBekzat/tests/core/ill-typed/bad-cmp-3.stella" start time: Apr 12 23:40 MSK
Output:
----------------------------------------------------------
parsing succeeded!
prog is not null
Start Program
visitLanguageCore
visitListExtension: 
visitListDecl: 
Visiting function declaration for cmp_fn
visitListAnnotation: 
visitListParamDecl: 
visitAParamDecl
Visiting NAT: 3  14
SET the stellIDENT: n 2

Visiting StellaIdent: n
visitAParamDecl
visitBool
AMAZING WOKR: Bool 

SET the stellIDENT: m 1

Visiting StellaIdent: m
SomereturnType
Visiting NAT: 3  32
visitNoThrowType
visitListDecl: 
VisitIf
visitGreaterThan
visitVar
Visiting StellaIdent: n
visitVar
Visiting StellaIdent: m
ERROR: Should be Nat type, on line: 4
<end of output>
Test time =   0.00 sec
----------------------------------------------------------
Test Passed.
"/home/bekzat/Documents/Innopolis/3_years/advance_compiler/week-2-typechecker-for-stella-with-simple-extensions-rkBekzat/tests/core/ill-typed/bad-cmp-3.stella" end time: Apr 12 23:40 MSK
"/home/bekzat/Documents/Innopolis/3_years/advance_compiler/week-2-typechecker-for-stella-with-simple-extensions-rkBekzat/tests/core/ill-typed/bad-cmp-3.stella" time elapsed: 00:00:00
----------------------------------------------------------

16/111 Testing: /home/bekzat/Documents/Innopolis/3_years/advance_compiler/week-2-typechecker-for-stella-with-simple-extensions-rkBekzat/tests/core/ill-typed/bad-cmp-4.stella
16/111 Test: /home/bekzat/Documents/Innopolis/3_years/advance_compiler/week-2-typechecker-for-stella-with-simple-extensions-rkBekzat/tests/core/ill-typed/bad-cmp-4.stella
Command: "/home/bekzat/Documents/Innopolis/3_years/advance_compiler/week-2-typechecker-for-stella-with-simple-extensions-rkBekzat/cmake-build-debug/stella-interpreter" "typecheck" "/home/bekzat/Documents/Innopolis/3_years/advance_compiler/week-2-typechecker-for-stella-with-simple-extensions-rkBekzat/tests/core/ill-typed/bad-cmp-4.stella"
Directory: /home/bekzat/Documents/Innopolis/3_years/advance_compiler/week-2-typechecker-for-stella-with-simple-extensions-rkBekzat/cmake-build-debug
"/home/bekzat/Documents/Innopolis/3_years/advance_compiler/week-2-typechecker-for-stella-with-simple-extensions-rkBekzat/tests/core/ill-typed/bad-cmp-4.stella" start time: Apr 12 23:40 MSK
Output:
----------------------------------------------------------
parsing succeeded!
prog is not null
Start Program
visitLanguageCore
visitListExtension: 
visitListDecl: 
Visiting function declaration for cmp_fn
visitListAnnotation: 
visitListParamDecl: 
visitAParamDecl
Visiting NAT: 3  14
SET the stellIDENT: n 2

Visiting StellaIdent: n
visitAParamDecl
visitBool
AMAZING WOKR: Bool 

SET the stellIDENT: m 1

Visiting StellaIdent: m
SomereturnType
Visiting NAT: 3  32
visitNoThrowType
visitListDecl: 
VisitIf
GreaterOrEqual
visitVar
Visiting StellaIdent: n
visitVar
Visiting StellaIdent: m
ERROR: Should be Nat type, on line: 4
<end of output>
Test time =   0.00 sec
----------------------------------------------------------
Test Passed.
"/home/bekzat/Documents/Innopolis/3_years/advance_compiler/week-2-typechecker-for-stella-with-simple-extensions-rkBekzat/tests/core/ill-typed/bad-cmp-4.stella" end time: Apr 12 23:40 MSK
"/home/bekzat/Documents/Innopolis/3_years/advance_compiler/week-2-typechecker-for-stella-with-simple-extensions-rkBekzat/tests/core/ill-typed/bad-cmp-4.stella" time elapsed: 00:00:00
----------------------------------------------------------

17/111 Testing: /home/bekzat/Documents/Innopolis/3_years/advance_compiler/week-2-typechecker-for-stella-with-simple-extensions-rkBekzat/tests/core/ill-typed/bad-cmp-5.stella
17/111 Test: /home/bekzat/Documents/Innopolis/3_years/advance_compiler/week-2-typechecker-for-stella-with-simple-extensions-rkBekzat/tests/core/ill-typed/bad-cmp-5.stella
Command: "/home/bekzat/Documents/Innopolis/3_years/advance_compiler/week-2-typechecker-for-stella-with-simple-extensions-rkBekzat/cmake-build-debug/stella-interpreter" "typecheck" "/home/bekzat/Documents/Innopolis/3_years/advance_compiler/week-2-typechecker-for-stella-with-simple-extensions-rkBekzat/tests/core/ill-typed/bad-cmp-5.stella"
Directory: /home/bekzat/Documents/Innopolis/3_years/advance_compiler/week-2-typechecker-for-stella-with-simple-extensions-rkBekzat/cmake-build-debug
"/home/bekzat/Documents/Innopolis/3_years/advance_compiler/week-2-typechecker-for-stella-with-simple-extensions-rkBekzat/tests/core/ill-typed/bad-cmp-5.stella" start time: Apr 12 23:40 MSK
Output:
----------------------------------------------------------
parsing succeeded!
prog is not null
Start Program
visitLanguageCore
visitListExtension: 
visitListDecl: 
Visiting function declaration for cmp_fn
visitListAnnotation: 
visitListParamDecl: 
visitAParamDecl
Visiting NAT: 3  14
SET the stellIDENT: n 2

Visiting StellaIdent: n
visitAParamDecl
visitBool
AMAZING WOKR: Bool 

SET the stellIDENT: m 1

Visiting StellaIdent: m
SomereturnType
Visiting NAT: 3  32
visitNoThrowType
visitListDecl: 
VisitIf
Equal
visitVar
Visiting StellaIdent: n
visitVar
Visiting StellaIdent: m
ERROR: Should be Nat type, on line: 4
<end of output>
Test time =   0.00 sec
----------------------------------------------------------
Test Passed.
"/home/bekzat/Documents/Innopolis/3_years/advance_compiler/week-2-typechecker-for-stella-with-simple-extensions-rkBekzat/tests/core/ill-typed/bad-cmp-5.stella" end time: Apr 12 23:40 MSK
"/home/bekzat/Documents/Innopolis/3_years/advance_compiler/week-2-typechecker-for-stella-with-simple-extensions-rkBekzat/tests/core/ill-typed/bad-cmp-5.stella" time elapsed: 00:00:00
----------------------------------------------------------

18/111 Testing: /home/bekzat/Documents/Innopolis/3_years/advance_compiler/week-2-typechecker-for-stella-with-simple-extensions-rkBekzat/tests/core/ill-typed/bad-cmp-6.stella
18/111 Test: /home/bekzat/Documents/Innopolis/3_years/advance_compiler/week-2-typechecker-for-stella-with-simple-extensions-rkBekzat/tests/core/ill-typed/bad-cmp-6.stella
Command: "/home/bekzat/Documents/Innopolis/3_years/advance_compiler/week-2-typechecker-for-stella-with-simple-extensions-rkBekzat/cmake-build-debug/stella-interpreter" "typecheck" "/home/bekzat/Documents/Innopolis/3_years/advance_compiler/week-2-typechecker-for-stella-with-simple-extensions-rkBekzat/tests/core/ill-typed/bad-cmp-6.stella"
Directory: /home/bekzat/Documents/Innopolis/3_years/advance_compiler/week-2-typechecker-for-stella-with-simple-extensions-rkBekzat/cmake-build-debug
"/home/bekzat/Documents/Innopolis/3_years/advance_compiler/week-2-typechecker-for-stella-with-simple-extensions-rkBekzat/tests/core/ill-typed/bad-cmp-6.stella" start time: Apr 12 23:40 MSK
Output:
----------------------------------------------------------
parsing succeeded!
prog is not null
Start Program
visitLanguageCore
visitListExtension: 
visitListDecl: 
Visiting function declaration for cmp_fn
visitListAnnotation: 
visitListParamDecl: 
visitAParamDecl
Visiting NAT: 3  14
SET the stellIDENT: n 2

Visiting StellaIdent: n
visitAParamDecl
visitBool
AMAZING WOKR: Bool 

SET the stellIDENT: m 1

Visiting StellaIdent: m
SomereturnType
Visiting NAT: 3  32
visitNoThrowType
visitListDecl: 
VisitIf
NotEqual visitVar
Visiting StellaIdent: n
visitVar
Visiting StellaIdent: m
ERROR: Should be Nat type, on line: 4
<end of output>
Test time =   0.00 sec
----------------------------------------------------------
Test Passed.
"/home/bekzat/Documents/Innopolis/3_years/advance_compiler/week-2-typechecker-for-stella-with-simple-extensions-rkBekzat/tests/core/ill-typed/bad-cmp-6.stella" end time: Apr 12 23:40 MSK
"/home/bekzat/Documents/Innopolis/3_years/advance_compiler/week-2-typechecker-for-stella-with-simple-extensions-rkBekzat/tests/core/ill-typed/bad-cmp-6.stella" time elapsed: 00:00:00
----------------------------------------------------------

19/111 Testing: /home/bekzat/Documents/Innopolis/3_years/advance_compiler/week-2-typechecker-for-stella-with-simple-extensions-rkBekzat/tests/core/ill-typed/bad-factorial-1.stella
19/111 Test: /home/bekzat/Documents/Innopolis/3_years/advance_compiler/week-2-typechecker-for-stella-with-simple-extensions-rkBekzat/tests/core/ill-typed/bad-factorial-1.stella
Command: "/home/bekzat/Documents/Innopolis/3_years/advance_compiler/week-2-typechecker-for-stella-with-simple-extensions-rkBekzat/cmake-build-debug/stella-interpreter" "typecheck" "/home/bekzat/Documents/Innopolis/3_years/advance_compiler/week-2-typechecker-for-stella-with-simple-extensions-rkBekzat/tests/core/ill-typed/bad-factorial-1.stella"
Directory: /home/bekzat/Documents/Innopolis/3_years/advance_compiler/week-2-typechecker-for-stella-with-simple-extensions-rkBekzat/cmake-build-debug
"/home/bekzat/Documents/Innopolis/3_years/advance_compiler/week-2-typechecker-for-stella-with-simple-extensions-rkBekzat/tests/core/ill-typed/bad-factorial-1.stella" start time: Apr 12 23:40 MSK
Output:
----------------------------------------------------------
parsing succeeded!
prog is not null
Start Program
visitLanguageCore
visitListExtension: 
visitListDecl: 
Visiting function declaration for Nat2Nat::const
visitListAnnotation: 
visitListParamDecl: 
visitAParamDecl
Visiting NAT: 4  22
SET the stellIDENT: f 2

Visiting StellaIdent: f
SomereturnType
visitTypeFun
visitListType: 
Visiting NAT: 4  34
visitTypeFun
visitListType: 
Visiting NAT: 4  46
Visiting NAT: 4  54
visitNoThrowType
visitListDecl: 
visitAbstraction
visitListParamDecl: 
visitAParamDecl
Visiting NAT: 5  16
SET the stellIDENT: x 2

Visiting StellaIdent: x
visitVar
Visiting StellaIdent: f
Fucntion go out: 3 3 3
Function name: Nat2Nat::const
ERROR: function should return another type
Line: 5
<end of output>
Test time =   0.00 sec
----------------------------------------------------------
Test Passed.
"/home/bekzat/Documents/Innopolis/3_years/advance_compiler/week-2-typechecker-for-stella-with-simple-extensions-rkBekzat/tests/core/ill-typed/bad-factorial-1.stella" end time: Apr 12 23:40 MSK
"/home/bekzat/Documents/Innopolis/3_years/advance_compiler/week-2-typechecker-for-stella-with-simple-extensions-rkBekzat/tests/core/ill-typed/bad-factorial-1.stella" time elapsed: 00:00:00
----------------------------------------------------------

20/111 Testing: /home/bekzat/Documents/Innopolis/3_years/advance_compiler/week-2-typechecker-for-stella-with-simple-extensions-rkBekzat/tests/core/ill-typed/bad-factorial-2.stella
20/111 Test: /home/bekzat/Documents/Innopolis/3_years/advance_compiler/week-2-typechecker-for-stella-with-simple-extensions-rkBekzat/tests/core/ill-typed/bad-factorial-2.stella
Command: "/home/bekzat/Documents/Innopolis/3_years/advance_compiler/week-2-typechecker-for-stella-with-simple-extensions-rkBekzat/cmake-build-debug/stella-interpreter" "typecheck" "/home/bekzat/Documents/Innopolis/3_years/advance_compiler/week-2-typechecker-for-stella-with-simple-extensions-rkBekzat/tests/core/ill-typed/bad-factorial-2.stella"
Directory: /home/bekzat/Documents/Innopolis/3_years/advance_compiler/week-2-typechecker-for-stella-with-simple-extensions-rkBekzat/cmake-build-debug
"/home/bekzat/Documents/Innopolis/3_years/advance_compiler/week-2-typechecker-for-stella-with-simple-extensions-rkBekzat/tests/core/ill-typed/bad-factorial-2.stella" start time: Apr 12 23:40 MSK
Output:
----------------------------------------------------------
parsing succeeded!
prog is not null
Start Program
visitLanguageCore
visitListExtension: 
visitListDecl: 
Visiting function declaration for Nat2Nat::const
visitListAnnotation: 
visitListParamDecl: 
visitAParamDecl
visitTypeFun
visitListType: 
Visiting NAT: 4  25
Visiting NAT: 4  33
SET the stellIDENT: f 3

Visiting StellaIdent: f
SomereturnType
visitTypeFun
visitListType: 
Visiting NAT: 4  45
visitTypeFun
visitListType: 
Visiting NAT: 4  57
Visiting NAT: 4  65
visitNoThrowType
visitListDecl: 
visitAbstraction
visitListParamDecl: 
visitAParamDecl
Visiting NAT: 5  16
SET the stellIDENT: x 2

Visiting StellaIdent: x
visitVar
Visiting StellaIdent: f
Fucntion go out: 3 3 3
Function name: Nat2Nat::const
Visiting StellaIdent: Nat2Nat::const
Visiting function declaration for Nat::add
visitListAnnotation: 
visitListParamDecl: 
visitAParamDecl
Visiting NAT: 9  16
SET the stellIDENT: n 2

Visiting StellaIdent: n
SomereturnType
visitTypeFun
visitListType: 
Visiting NAT: 9  28
Visiting NAT: 9  36
visitNoThrowType
visitListDecl: 
visitAbstraction
visitListParamDecl: 
visitAParamDecl
Visiting NAT: 10  16
SET the stellIDENT: m 2

Visiting StellaIdent: m
visitNatRec
visitVar
Visiting StellaIdent: n
visitVar
Visiting StellaIdent: m
visitAbstraction
visitListParamDecl: 
visitAParamDecl
Visiting NAT: 11  33
SET the stellIDENT: i 2

Visiting StellaIdent: i
visitAbstraction
visitListParamDecl: 
visitAParamDecl
Visiting NAT: 12  20
SET the stellIDENT: r 2

Visiting StellaIdent: r
visitSucc
visitVar
Visiting StellaIdent: r
Fucntion go out: 3 3 3
Function name: Nat::add
Visiting StellaIdent: Nat::add
Visiting function declaration for Nat::mul
visitListAnnotation: 
visitListParamDecl: 
visitAParamDecl
Visiting NAT: 17  16
SET the stellIDENT: n 2

Visiting StellaIdent: n
SomereturnType
visitTypeFun
visitListType: 
Visiting NAT: 17  28
Visiting NAT: 17  36
visitNoThrowType
visitListDecl: 
visitAbstraction
visitListParamDecl: 
visitAParamDecl
Visiting NAT: 18  16
SET the stellIDENT: m 2

Visiting StellaIdent: m
visitNatRec
visitVar
Visiting StellaIdent: n
ConstInt
visitInt: 0
visitApplication
visitApplication
visitVar
Visiting StellaIdent: Nat2Nat::const
visitListExpr: 
----Before : 
visitVar
Visiting StellaIdent: n
ERROR: mismatch this params on line: 19
2 3
0 1
0 1
<end of output>
Test time =   0.00 sec
----------------------------------------------------------
Test Passed.
"/home/bekzat/Documents/Innopolis/3_years/advance_compiler/week-2-typechecker-for-stella-with-simple-extensions-rkBekzat/tests/core/ill-typed/bad-factorial-2.stella" end time: Apr 12 23:40 MSK
"/home/bekzat/Documents/Innopolis/3_years/advance_compiler/week-2-typechecker-for-stella-with-simple-extensions-rkBekzat/tests/core/ill-typed/bad-factorial-2.stella" time elapsed: 00:00:00
----------------------------------------------------------

21/111 Testing: /home/bekzat/Documents/Innopolis/3_years/advance_compiler/week-2-typechecker-for-stella-with-simple-extensions-rkBekzat/tests/core/ill-typed/bad-factorial.stella
21/111 Test: /home/bekzat/Documents/Innopolis/3_years/advance_compiler/week-2-typechecker-for-stella-with-simple-extensions-rkBekzat/tests/core/ill-typed/bad-factorial.stella
Command: "/home/bekzat/Documents/Innopolis/3_years/advance_compiler/week-2-typechecker-for-stella-with-simple-extensions-rkBekzat/cmake-build-debug/stella-interpreter" "typecheck" "/home/bekzat/Documents/Innopolis/3_years/advance_compiler/week-2-typechecker-for-stella-with-simple-extensions-rkBekzat/tests/core/ill-typed/bad-factorial.stella"
Directory: /home/bekzat/Documents/Innopolis/3_years/advance_compiler/week-2-typechecker-for-stella-with-simple-extensions-rkBekzat/cmake-build-debug
"/home/bekzat/Documents/Innopolis/3_years/advance_compiler/week-2-typechecker-for-stella-with-simple-extensions-rkBekzat/tests/core/ill-typed/bad-factorial.stella" start time: Apr 12 23:40 MSK
Output:
----------------------------------------------------------
parsing succeeded!
prog is not null
Start Program
visitLanguageCore
visitListExtension: 
visitListDecl: 
Visiting function declaration for Nat2Nat::const
visitListAnnotation: 
visitListParamDecl: 
visitAParamDecl
visitTypeFun
visitListType: 
Visiting NAT: 4  25
Visiting NAT: 4  33
SET the stellIDENT: f 3

Visiting StellaIdent: f
SomereturnType
visitTypeFun
visitListType: 
Visiting NAT: 4  45
visitTypeFun
visitListType: 
Visiting NAT: 4  57
visitBool
AMAZING WOKR: Bool 

visitNoThrowType
visitListDecl: 
visitAbstraction
visitListParamDecl: 
visitAParamDecl
Visiting NAT: 5  16
SET the stellIDENT: x 2

Visiting StellaIdent: x
visitVar
Visiting StellaIdent: f
Fucntion go out: 3 3 3
Function name: Nat2Nat::const
ERROR: function should return another type
Line: 5
<end of output>
Test time =   0.00 sec
----------------------------------------------------------
Test Passed.
"/home/bekzat/Documents/Innopolis/3_years/advance_compiler/week-2-typechecker-for-stella-with-simple-extensions-rkBekzat/tests/core/ill-typed/bad-factorial.stella" end time: Apr 12 23:40 MSK
"/home/bekzat/Documents/Innopolis/3_years/advance_compiler/week-2-typechecker-for-stella-with-simple-extensions-rkBekzat/tests/core/ill-typed/bad-factorial.stella" time elapsed: 00:00:00
----------------------------------------------------------

22/111 Testing: /home/bekzat/Documents/Innopolis/3_years/advance_compiler/week-2-typechecker-for-stella-with-simple-extensions-rkBekzat/tests/core/ill-typed/bad-function-call.stella
22/111 Test: /home/bekzat/Documents/Innopolis/3_years/advance_compiler/week-2-typechecker-for-stella-with-simple-extensions-rkBekzat/tests/core/ill-typed/bad-function-call.stella
Command: "/home/bekzat/Documents/Innopolis/3_years/advance_compiler/week-2-typechecker-for-stella-with-simple-extensions-rkBekzat/cmake-build-debug/stella-interpreter" "typecheck" "/home/bekzat/Documents/Innopolis/3_years/advance_compiler/week-2-typechecker-for-stella-with-simple-extensions-rkBekzat/tests/core/ill-typed/bad-function-call.stella"
Directory: /home/bekzat/Documents/Innopolis/3_years/advance_compiler/week-2-typechecker-for-stella-with-simple-extensions-rkBekzat/cmake-build-debug
"/home/bekzat/Documents/Innopolis/3_years/advance_compiler/week-2-typechecker-for-stella-with-simple-extensions-rkBekzat/tests/core/ill-typed/bad-function-call.stella" start time: Apr 12 23:40 MSK
Output:
----------------------------------------------------------
parsing succeeded!
prog is not null
Start Program
visitLanguageCore
visitListExtension: 
visitListDecl: 
Visiting function declaration for Nat::add
visitListAnnotation: 
visitListParamDecl: 
visitAParamDecl
Visiting NAT: 4  16
SET the stellIDENT: n 2

Visiting StellaIdent: n
SomereturnType
Visiting NAT: 4  24
visitNoThrowType
visitListDecl: 
visitAbstraction
visitListParamDecl: 
visitAParamDecl
Visiting NAT: 5  16
SET the stellIDENT: m 2

Visiting StellaIdent: m
visitNatRec
visitVar
Visiting StellaIdent: n
visitVar
Visiting StellaIdent: m
visitAbstraction
visitListParamDecl: 
visitAParamDecl
Visiting NAT: 6  33
SET the stellIDENT: i 2

Visiting StellaIdent: i
visitAbstraction
visitListParamDecl: 
visitAParamDecl
Visiting NAT: 7  20
SET the stellIDENT: r 2

Visiting StellaIdent: r
visitSucc
visitVar
Visiting StellaIdent: r
Fucntion go out: 3 2 3
Function name: Nat::add
ERROR: function should return another type
Line: 5
<end of output>
Test time =   0.00 sec
----------------------------------------------------------
Test Passed.
"/home/bekzat/Documents/Innopolis/3_years/advance_compiler/week-2-typechecker-for-stella-with-simple-extensions-rkBekzat/tests/core/ill-typed/bad-function-call.stella" end time: Apr 12 23:40 MSK
"/home/bekzat/Documents/Innopolis/3_years/advance_compiler/week-2-typechecker-for-stella-with-simple-extensions-rkBekzat/tests/core/ill-typed/bad-function-call.stella" time elapsed: 00:00:00
----------------------------------------------------------

23/111 Testing: /home/bekzat/Documents/Innopolis/3_years/advance_compiler/week-2-typechecker-for-stella-with-simple-extensions-rkBekzat/tests/core/ill-typed/bad-higher-order-1.stella
23/111 Test: /home/bekzat/Documents/Innopolis/3_years/advance_compiler/week-2-typechecker-for-stella-with-simple-extensions-rkBekzat/tests/core/ill-typed/bad-higher-order-1.stella
Command: "/home/bekzat/Documents/Innopolis/3_years/advance_compiler/week-2-typechecker-for-stella-with-simple-extensions-rkBekzat/cmake-build-debug/stella-interpreter" "typecheck" "/home/bekzat/Documents/Innopolis/3_years/advance_compiler/week-2-typechecker-for-stella-with-simple-extensions-rkBekzat/tests/core/ill-typed/bad-higher-order-1.stella"
Directory: /home/bekzat/Documents/Innopolis/3_years/advance_compiler/week-2-typechecker-for-stella-with-simple-extensions-rkBekzat/cmake-build-debug
"/home/bekzat/Documents/Innopolis/3_years/advance_compiler/week-2-typechecker-for-stella-with-simple-extensions-rkBekzat/tests/core/ill-typed/bad-higher-order-1.stella" start time: Apr 12 23:40 MSK
Output:
----------------------------------------------------------
parsing succeeded!
prog is not null
Start Program
visitLanguageCore
visitListExtension: 
visitListDecl: 
Visiting function declaration for iszero
visitListAnnotation: 
visitListParamDecl: 
visitAParamDecl
Visiting NAT: 3  14
SET the stellIDENT: n 2

Visiting StellaIdent: n
SomereturnType
visitBool
AMAZING WOKR: Bool 

visitNoThrowType
visitListDecl: 
visitNatRec
visitVar
Visiting StellaIdent: n
ConstTrue 
visitAbstraction
visitListParamDecl: 
visitAParamDecl
Visiting NAT: 4  36
SET the stellIDENT: i 2

Visiting StellaIdent: i
visitAbstraction
visitListParamDecl: 
visitAParamDecl
visitBool
AMAZING WOKR: Bool 

SET the stellIDENT: r 1

Visiting StellaIdent: r
ConstTrue 
Fucntion go out: 3 1 1
Function name: iszero
Visiting StellaIdent: iszero
Visiting function declaration for f
visitListAnnotation: 
visitListParamDecl: 
visitAParamDecl
visitTypeFun
visitListType: 
visitBool
AMAZING WOKR: Bool 

Visiting NAT: 11  21
SET the stellIDENT: g 3

Visiting StellaIdent: g
SomereturnType
visitTypeFun
visitListType: 
Visiting NAT: 11  32
visitBool
AMAZING WOKR: Bool 

visitNoThrowType
visitListDecl: 
visitAbstraction
visitListParamDecl: 
visitAParamDecl
Visiting NAT: 12  18
SET the stellIDENT: n 2

Visiting StellaIdent: n
visitApplication
visitVar
Visiting StellaIdent: g
visitListExpr: 
----Before : 
VisitIf
visitApplication
visitVar
Visiting StellaIdent: iszero
visitListExpr: 
----Before : 
visitVar
Visiting StellaIdent: n
Before end application: 3 1
ConstFalse
ConstTrue 
Before end application: 3 2
Fucntion go out: 3 3 3
Function name: f
ERROR: function should return another type
Line: 12
<end of output>
Test time =   0.00 sec
----------------------------------------------------------
Test Passed.
"/home/bekzat/Documents/Innopolis/3_years/advance_compiler/week-2-typechecker-for-stella-with-simple-extensions-rkBekzat/tests/core/ill-typed/bad-higher-order-1.stella" end time: Apr 12 23:40 MSK
"/home/bekzat/Documents/Innopolis/3_years/advance_compiler/week-2-typechecker-for-stella-with-simple-extensions-rkBekzat/tests/core/ill-typed/bad-higher-order-1.stella" time elapsed: 00:00:00
----------------------------------------------------------

24/111 Testing: /home/bekzat/Documents/Innopolis/3_years/advance_compiler/week-2-typechecker-for-stella-with-simple-extensions-rkBekzat/tests/core/ill-typed/bad-if-1.stella
24/111 Test: /home/bekzat/Documents/Innopolis/3_years/advance_compiler/week-2-typechecker-for-stella-with-simple-extensions-rkBekzat/tests/core/ill-typed/bad-if-1.stella
Command: "/home/bekzat/Documents/Innopolis/3_years/advance_compiler/week-2-typechecker-for-stella-with-simple-extensions-rkBekzat/cmake-build-debug/stella-interpreter" "typecheck" "/home/bekzat/Documents/Innopolis/3_years/advance_compiler/week-2-typechecker-for-stella-with-simple-extensions-rkBekzat/tests/core/ill-typed/bad-if-1.stella"
Directory: /home/bekzat/Documents/Innopolis/3_years/advance_compiler/week-2-typechecker-for-stella-with-simple-extensions-rkBekzat/cmake-build-debug
"/home/bekzat/Documents/Innopolis/3_years/advance_compiler/week-2-typechecker-for-stella-with-simple-extensions-rkBekzat/tests/core/ill-typed/bad-if-1.stella" start time: Apr 12 23:40 MSK
Output:
----------------------------------------------------------
parsing succeeded!
prog is not null
Start Program
visitLanguageCore
visitListExtension: 
visitListDecl: 
Visiting function declaration for main
visitListAnnotation: 
visitListParamDecl: 
visitAParamDecl
Visiting NAT: 3  12
SET the stellIDENT: x 2

Visiting StellaIdent: x
SomereturnType
Visiting NAT: 3  20
visitNoThrowType
visitListDecl: 
VisitIf
visitVar
Visiting StellaIdent: x
ERROR: if condition type should be bool. On line:4 char:14
<end of output>
Test time =   0.01 sec
----------------------------------------------------------
Test Passed.
"/home/bekzat/Documents/Innopolis/3_years/advance_compiler/week-2-typechecker-for-stella-with-simple-extensions-rkBekzat/tests/core/ill-typed/bad-if-1.stella" end time: Apr 12 23:40 MSK
"/home/bekzat/Documents/Innopolis/3_years/advance_compiler/week-2-typechecker-for-stella-with-simple-extensions-rkBekzat/tests/core/ill-typed/bad-if-1.stella" time elapsed: 00:00:00
----------------------------------------------------------

25/111 Testing: /home/bekzat/Documents/Innopolis/3_years/advance_compiler/week-2-typechecker-for-stella-with-simple-extensions-rkBekzat/tests/core/ill-typed/bad-if-2.stella
25/111 Test: /home/bekzat/Documents/Innopolis/3_years/advance_compiler/week-2-typechecker-for-stella-with-simple-extensions-rkBekzat/tests/core/ill-typed/bad-if-2.stella
Command: "/home/bekzat/Documents/Innopolis/3_years/advance_compiler/week-2-typechecker-for-stella-with-simple-extensions-rkBekzat/cmake-build-debug/stella-interpreter" "typecheck" "/home/bekzat/Documents/Innopolis/3_years/advance_compiler/week-2-typechecker-for-stella-with-simple-extensions-rkBekzat/tests/core/ill-typed/bad-if-2.stella"
Directory: /home/bekzat/Documents/Innopolis/3_years/advance_compiler/week-2-typechecker-for-stella-with-simple-extensions-rkBekzat/cmake-build-debug
"/home/bekzat/Documents/Innopolis/3_years/advance_compiler/week-2-typechecker-for-stella-with-simple-extensions-rkBekzat/tests/core/ill-typed/bad-if-2.stella" start time: Apr 12 23:40 MSK
Output:
----------------------------------------------------------
parsing succeeded!
prog is not null
Start Program
visitLanguageCore
visitListExtension: 
visitListDecl: 
Visiting function declaration for main
visitListAnnotation: 
visitListParamDecl: 
visitAParamDecl
Visiting NAT: 3  12
SET the stellIDENT: x 2

Visiting StellaIdent: x
SomereturnType
Visiting NAT: 3  20
visitNoThrowType
visitListDecl: 
VisitIf
ConstFalse
ConstTrue 
ConstInt
visitInt: 0
1 2
ERROR: if return different types on line: 4 position 25 and on line:4 postion35
<end of output>
Test time =   0.00 sec
----------------------------------------------------------
Test Passed.
"/home/bekzat/Documents/Innopolis/3_years/advance_compiler/week-2-typechecker-for-stella-with-simple-extensions-rkBekzat/tests/core/ill-typed/bad-if-2.stella" end time: Apr 12 23:40 MSK
"/home/bekzat/Documents/Innopolis/3_years/advance_compiler/week-2-typechecker-for-stella-with-simple-extensions-rkBekzat/tests/core/ill-typed/bad-if-2.stella" time elapsed: 00:00:00
----------------------------------------------------------

26/111 Testing: /home/bekzat/Documents/Innopolis/3_years/advance_compiler/week-2-typechecker-for-stella-with-simple-extensions-rkBekzat/tests/core/ill-typed/bad-if-3.stella
26/111 Test: /home/bekzat/Documents/Innopolis/3_years/advance_compiler/week-2-typechecker-for-stella-with-simple-extensions-rkBekzat/tests/core/ill-typed/bad-if-3.stella
Command: "/home/bekzat/Documents/Innopolis/3_years/advance_compiler/week-2-typechecker-for-stella-with-simple-extensions-rkBekzat/cmake-build-debug/stella-interpreter" "typecheck" "/home/bekzat/Documents/Innopolis/3_years/advance_compiler/week-2-typechecker-for-stella-with-simple-extensions-rkBekzat/tests/core/ill-typed/bad-if-3.stella"
Directory: /home/bekzat/Documents/Innopolis/3_years/advance_compiler/week-2-typechecker-for-stella-with-simple-extensions-rkBekzat/cmake-build-debug
"/home/bekzat/Documents/Innopolis/3_years/advance_compiler/week-2-typechecker-for-stella-with-simple-extensions-rkBekzat/tests/core/ill-typed/bad-if-3.stella" start time: Apr 12 23:40 MSK
Output:
----------------------------------------------------------
parsing succeeded!
prog is not null
Start Program
visitLanguageCore
visitListExtension: 
visitListDecl: 
Visiting function declaration for main
visitListAnnotation: 
visitListParamDecl: 
visitAParamDecl
Visiting NAT: 3  12
SET the stellIDENT: x 2

Visiting StellaIdent: x
SomereturnType
Visiting NAT: 3  20
visitNoThrowType
visitListDecl: 
visitApplication
VisitIf
ConstFalse
ConstInt
visitInt: 0
visitAbstraction
visitListParamDecl: 
visitAParamDecl
Visiting NAT: 4  40
SET the stellIDENT: x 2

Visiting StellaIdent: x
ConstInt
visitInt: 0
2 3
ERROR: if return different types on line: 4 position 26 and on line:4 postion33
<end of output>
Test time =   0.00 sec
----------------------------------------------------------
Test Passed.
"/home/bekzat/Documents/Innopolis/3_years/advance_compiler/week-2-typechecker-for-stella-with-simple-extensions-rkBekzat/tests/core/ill-typed/bad-if-3.stella" end time: Apr 12 23:40 MSK
"/home/bekzat/Documents/Innopolis/3_years/advance_compiler/week-2-typechecker-for-stella-with-simple-extensions-rkBekzat/tests/core/ill-typed/bad-if-3.stella" time elapsed: 00:00:00
----------------------------------------------------------

27/111 Testing: /home/bekzat/Documents/Innopolis/3_years/advance_compiler/week-2-typechecker-for-stella-with-simple-extensions-rkBekzat/tests/core/ill-typed/bad-if-4.stella
27/111 Test: /home/bekzat/Documents/Innopolis/3_years/advance_compiler/week-2-typechecker-for-stella-with-simple-extensions-rkBekzat/tests/core/ill-typed/bad-if-4.stella
Command: "/home/bekzat/Documents/Innopolis/3_years/advance_compiler/week-2-typechecker-for-stella-with-simple-extensions-rkBekzat/cmake-build-debug/stella-interpreter" "typecheck" "/home/bekzat/Documents/Innopolis/3_years/advance_compiler/week-2-typechecker-for-stella-with-simple-extensions-rkBekzat/tests/core/ill-typed/bad-if-4.stella"
Directory: /home/bekzat/Documents/Innopolis/3_years/advance_compiler/week-2-typechecker-for-stella-with-simple-extensions-rkBekzat/cmake-build-debug
"/home/bekzat/Documents/Innopolis/3_years/advance_compiler/week-2-typechecker-for-stella-with-simple-extensions-rkBekzat/tests/core/ill-typed/bad-if-4.stella" start time: Apr 12 23:40 MSK
Output:
----------------------------------------------------------
parsing succeeded!
prog is not null
Start Program
visitLanguageCore
visitListExtension: 
visitListDecl: 
Visiting function declaration for main
visitListAnnotation: 
visitListParamDecl: 
visitAParamDecl
visitBool
AMAZING WOKR: Bool 

SET the stellIDENT: x 1

Visiting StellaIdent: x
SomereturnType
Visiting NAT: 3  21
visitNoThrowType
visitListDecl: 
visitApplication
VisitIf
ConstFalse
visitAbstraction
visitListParamDecl: 
visitAParamDecl
visitBool
AMAZING WOKR: Bool 

SET the stellIDENT: x 1

Visiting StellaIdent: x
ConstInt
visitInt: 0
visitAbstraction
visitListParamDecl: 
visitAParamDecl
visitBool
AMAZING WOKR: Bool 

SET the stellIDENT: x 1

Visiting StellaIdent: x
ConstTrue 
3 3
ERROR: if return different types on line: 4 position 26 and on line:4 postion58
<end of output>
Test time =   0.00 sec
----------------------------------------------------------
Test Passed.
"/home/bekzat/Documents/Innopolis/3_years/advance_compiler/week-2-typechecker-for-stella-with-simple-extensions-rkBekzat/tests/core/ill-typed/bad-if-4.stella" end time: Apr 12 23:40 MSK
"/home/bekzat/Documents/Innopolis/3_years/advance_compiler/week-2-typechecker-for-stella-with-simple-extensions-rkBekzat/tests/core/ill-typed/bad-if-4.stella" time elapsed: 00:00:00
----------------------------------------------------------

28/111 Testing: /home/bekzat/Documents/Innopolis/3_years/advance_compiler/week-2-typechecker-for-stella-with-simple-extensions-rkBekzat/tests/core/ill-typed/bad-if-and-undefined-variable-1.stella
28/111 Test: /home/bekzat/Documents/Innopolis/3_years/advance_compiler/week-2-typechecker-for-stella-with-simple-extensions-rkBekzat/tests/core/ill-typed/bad-if-and-undefined-variable-1.stella
Command: "/home/bekzat/Documents/Innopolis/3_years/advance_compiler/week-2-typechecker-for-stella-with-simple-extensions-rkBekzat/cmake-build-debug/stella-interpreter" "typecheck" "/home/bekzat/Documents/Innopolis/3_years/advance_compiler/week-2-typechecker-for-stella-with-simple-extensions-rkBekzat/tests/core/ill-typed/bad-if-and-undefined-variable-1.stella"
Directory: /home/bekzat/Documents/Innopolis/3_years/advance_compiler/week-2-typechecker-for-stella-with-simple-extensions-rkBekzat/cmake-build-debug
"/home/bekzat/Documents/Innopolis/3_years/advance_compiler/week-2-typechecker-for-stella-with-simple-extensions-rkBekzat/tests/core/ill-typed/bad-if-and-undefined-variable-1.stella" start time: Apr 12 23:40 MSK
Output:
----------------------------------------------------------
parsing succeeded!
prog is not null
Start Program
visitLanguageCore
visitListExtension: 
visitListDecl: 
Visiting function declaration for main
visitListAnnotation: 
visitListParamDecl: 
visitAParamDecl
Visiting NAT: 3  12
SET the stellIDENT: x 2

Visiting StellaIdent: x
SomereturnType
Visiting NAT: 3  20
visitNoThrowType
visitListDecl: 
VisitIf
ConstTrue 
visitVar
Visiting StellaIdent: y
ERROR: Undefined type on line: 4 at position: 24
<end of output>
Test time =   0.00 sec
----------------------------------------------------------
Test Passed.
"/home/bekzat/Documents/Innopolis/3_years/advance_compiler/week-2-typechecker-for-stella-with-simple-extensions-rkBekzat/tests/core/ill-typed/bad-if-and-undefined-variable-1.stella" end time: Apr 12 23:40 MSK
"/home/bekzat/Documents/Innopolis/3_years/advance_compiler/week-2-typechecker-for-stella-with-simple-extensions-rkBekzat/tests/core/ill-typed/bad-if-and-undefined-variable-1.stella" time elapsed: 00:00:00
----------------------------------------------------------

29/111 Testing: /home/bekzat/Documents/Innopolis/3_years/advance_compiler/week-2-typechecker-for-stella-with-simple-extensions-rkBekzat/tests/core/ill-typed/bad-iszero.stella
29/111 Test: /home/bekzat/Documents/Innopolis/3_years/advance_compiler/week-2-typechecker-for-stella-with-simple-extensions-rkBekzat/tests/core/ill-typed/bad-iszero.stella
Command: "/home/bekzat/Documents/Innopolis/3_years/advance_compiler/week-2-typechecker-for-stella-with-simple-extensions-rkBekzat/cmake-build-debug/stella-interpreter" "typecheck" "/home/bekzat/Documents/Innopolis/3_years/advance_compiler/week-2-typechecker-for-stella-with-simple-extensions-rkBekzat/tests/core/ill-typed/bad-iszero.stella"
Directory: /home/bekzat/Documents/Innopolis/3_years/advance_compiler/week-2-typechecker-for-stella-with-simple-extensions-rkBekzat/cmake-build-debug
"/home/bekzat/Documents/Innopolis/3_years/advance_compiler/week-2-typechecker-for-stella-with-simple-extensions-rkBekzat/tests/core/ill-typed/bad-iszero.stella" start time: Apr 12 23:40 MSK
Output:
----------------------------------------------------------
parsing succeeded!
prog is not null
Start Program
visitLanguageCore
visitListExtension: 
visitListDecl: 
Visiting function declaration for main
visitListAnnotation: 
visitListParamDecl: 
visitAParamDecl
visitBool
AMAZING WOKR: Bool 

SET the stellIDENT: x 1

Visiting StellaIdent: x
SomereturnType
Visiting NAT: 3  21
visitNoThrowType
visitListDecl: 
visitSucc
visitSucc
visitIsZero
visitVar
Visiting StellaIdent: x
ERROR: Succ should accept only Nat. Here different type!
On line 4 at position: 21
<end of output>
Test time =   0.00 sec
----------------------------------------------------------
Test Passed.
"/home/bekzat/Documents/Innopolis/3_years/advance_compiler/week-2-typechecker-for-stella-with-simple-extensions-rkBekzat/tests/core/ill-typed/bad-iszero.stella" end time: Apr 12 23:40 MSK
"/home/bekzat/Documents/Innopolis/3_years/advance_compiler/week-2-typechecker-for-stella-with-simple-extensions-rkBekzat/tests/core/ill-typed/bad-iszero.stella" time elapsed: 00:00:00
----------------------------------------------------------

30/111 Testing: /home/bekzat/Documents/Innopolis/3_years/advance_compiler/week-2-typechecker-for-stella-with-simple-extensions-rkBekzat/tests/core/ill-typed/bad-logic-and-1.stella
30/111 Test: /home/bekzat/Documents/Innopolis/3_years/advance_compiler/week-2-typechecker-for-stella-with-simple-extensions-rkBekzat/tests/core/ill-typed/bad-logic-and-1.stella
Command: "/home/bekzat/Documents/Innopolis/3_years/advance_compiler/week-2-typechecker-for-stella-with-simple-extensions-rkBekzat/cmake-build-debug/stella-interpreter" "typecheck" "/home/bekzat/Documents/Innopolis/3_years/advance_compiler/week-2-typechecker-for-stella-with-simple-extensions-rkBekzat/tests/core/ill-typed/bad-logic-and-1.stella"
Directory: /home/bekzat/Documents/Innopolis/3_years/advance_compiler/week-2-typechecker-for-stella-with-simple-extensions-rkBekzat/cmake-build-debug
"/home/bekzat/Documents/Innopolis/3_years/advance_compiler/week-2-typechecker-for-stella-with-simple-extensions-rkBekzat/tests/core/ill-typed/bad-logic-and-1.stella" start time: Apr 12 23:40 MSK
Output:
----------------------------------------------------------
parsing succeeded!
prog is not null
Start Program
visitLanguageCore
visitListExtension: 
visitListDecl: 
Visiting function declaration for and_fn
visitListAnnotation: 
visitListParamDecl: 
visitAParamDecl
Visiting NAT: 3  14
SET the stellIDENT: n 2

Visiting StellaIdent: n
visitAParamDecl
visitBool
AMAZING WOKR: Bool 

SET the stellIDENT: m 1

Visiting StellaIdent: m
SomereturnType
Visiting NAT: 3  32
visitNoThrowType
visitListDecl: 
visitLogicAnd
visitVar
Visiting StellaIdent: n
visitVar
Visiting StellaIdent: m
Fucntion go out: 3 2 1
Function name: and_fn
ERROR: function should return another type
Line: 4
<end of output>
Test time =   0.00 sec
----------------------------------------------------------
Test Passed.
"/home/bekzat/Documents/Innopolis/3_years/advance_compiler/week-2-typechecker-for-stella-with-simple-extensions-rkBekzat/tests/core/ill-typed/bad-logic-and-1.stella" end time: Apr 12 23:40 MSK
"/home/bekzat/Documents/Innopolis/3_years/advance_compiler/week-2-typechecker-for-stella-with-simple-extensions-rkBekzat/tests/core/ill-typed/bad-logic-and-1.stella" time elapsed: 00:00:00
----------------------------------------------------------

31/111 Testing: /home/bekzat/Documents/Innopolis/3_years/advance_compiler/week-2-typechecker-for-stella-with-simple-extensions-rkBekzat/tests/core/ill-typed/bad-logic-not-1.stella
31/111 Test: /home/bekzat/Documents/Innopolis/3_years/advance_compiler/week-2-typechecker-for-stella-with-simple-extensions-rkBekzat/tests/core/ill-typed/bad-logic-not-1.stella
Command: "/home/bekzat/Documents/Innopolis/3_years/advance_compiler/week-2-typechecker-for-stella-with-simple-extensions-rkBekzat/cmake-build-debug/stella-interpreter" "typecheck" "/home/bekzat/Documents/Innopolis/3_years/advance_compiler/week-2-typechecker-for-stella-with-simple-extensions-rkBekzat/tests/core/ill-typed/bad-logic-not-1.stella"
Directory: /home/bekzat/Documents/Innopolis/3_years/advance_compiler/week-2-typechecker-for-stella-with-simple-extensions-rkBekzat/cmake-build-debug
"/home/bekzat/Documents/Innopolis/3_years/advance_compiler/week-2-typechecker-for-stella-with-simple-extensions-rkBekzat/tests/core/ill-typed/bad-logic-not-1.stella" start time: Apr 12 23:40 MSK
Output:
----------------------------------------------------------
parsing succeeded!
prog is not null
Start Program
visitLanguageCore
visitListExtension: 
visitListDecl: 
Visiting function declaration for not_fn
visitListAnnotation: 
visitListParamDecl: 
[...]
Bool     fn (Nat) -> Nat 

visitBool
AMAZING WOKR: Bool 

visitTypeFun
visitListType: 
Visiting NAT: 4  35
Visiting NAT: 4  43
SET the stellIDENT: input 6

Visiting StellaIdent: input
SomereturnType
Visiting NAT: 4  53
visitNoThrowType
visitListDecl: 
visitMatch
visitVar
Visiting StellaIdent: input
visitListMatchCase: 
NEW MATCH 6
visitAMatchCase
visitPatternInl
visitVar
Visiting StellaIdent: number
AFTER EXPR: 1 1 6
END MATCH 6
NEW MATCH 6
visitAMatchCase
visitPatternInr
visitPatternInl
visitPatternFalse
ConstInt
visitInt: 0
AFTER EXPR: 3 3 6
END MATCH 6
NEW MATCH 6
visitAMatchCase
visitPatternInr
visitPatternInl
visitPatternTrue
visitSucc
ConstInt
visitInt: 0
AFTER EXPR: 5 5 6
END MATCH 6
NEW MATCH 6
visitAMatchCase
visitPatternInr
visitPatternInr
visitApplication
visitVar
Visiting StellaIdent: fun
visitListExpr: 
----Before : 
ConstInt
visitInt: 0
Before end application: 3 2
AFTER EXPR: 6 6 6
END MATCH 6
Fucntion go out: 3 2 6
Function name: main
Visiting StellaIdent: main
<end of output>
Test time =   0.00 sec
----------------------------------------------------------
Test Passed.
"/home/bekzat/Documents/Innopolis/3_years/advance_compiler/week-2-typechecker-for-stella-with-simple-extensions-rkBekzat/tests/sum-types/well-typed/sample-2.stella" end time: Apr 12 23:40 MSK
"/home/bekzat/Documents/Innopolis/3_years/advance_compiler/week-2-typechecker-for-stella-with-simple-extensions-rkBekzat/tests/sum-types/well-typed/sample-2.stella" time elapsed: 00:00:00
----------------------------------------------------------

106/111 Testing: /home/bekzat/Documents/Innopolis/3_years/advance_compiler/week-2-typechecker-for-stella-with-simple-extensions-rkBekzat/tests/sum-types/well-typed/sum-types-1.stella
106/111 Test: /home/bekzat/Documents/Innopolis/3_years/advance_compiler/week-2-typechecker-for-stella-with-simple-extensions-rkBekzat/tests/sum-types/well-typed/sum-types-1.stella
Command: "/home/bekzat/Documents/Innopolis/3_years/advance_compiler/week-2-typechecker-for-stella-with-simple-extensions-rkBekzat/cmake-build-debug/stella-interpreter" "typecheck" "/home/bekzat/Documents/Innopolis/3_years/advance_compiler/week-2-typechecker-for-stella-with-simple-extensions-rkBekzat/tests/sum-types/well-typed/sum-types-1.stella"
Directory: /home/bekzat/Documents/Innopolis/3_years/advance_compiler/week-2-typechecker-for-stella-with-simple-extensions-rkBekzat/cmake-build-debug
"/home/bekzat/Documents/Innopolis/3_years/advance_compiler/week-2-typechecker-for-stella-with-simple-extensions-rkBekzat/tests/sum-types/well-typed/sum-types-1.stella" start time: Apr 12 23:40 MSK
Output:
----------------------------------------------------------
parsing succeeded!
prog is not null
Start Program
visitLanguageCore
visitListExtension: 
visitAnExtensionvisitListExtensionName: 
visitExtensionName: #sum-types
visitListDecl: 
Visiting function declaration for g
visitListAnnotation: 
visitListParamDecl: 
visitAParamDecl
visitTypeSum
Nat + (Bool + (fn (Nat) -> Nat))  

Nat + (Bool + (fn (Nat) -> Nat)) 
Nat     Bool + (fn (Nat) -> Nat) 

Visiting NAT: 4  9
visitTypeSum
Bool + (fn (Nat) -> Nat)  

Bool + (fn (Nat) -> Nat) 
Bool     fn (Nat) -> Nat 

visitBool
AMAZING WOKR: Bool 

visitTypeFun
visitListType: 
Visiting NAT: 4  27
Visiting NAT: 4  35
SET the stellIDENT: x 6

Visiting StellaIdent: x
SomereturnType
Visiting NAT: 4  45
visitNoThrowType
visitListDecl: 
visitMatch
visitVar
Visiting StellaIdent: x
visitListMatchCase: 
NEW MATCH 6
visitAMatchCase
visitPatternInl
visitSucc
visitVar
Visiting StellaIdent: n
AFTER EXPR: 1 1 6
END MATCH 6
NEW MATCH 6
visitAMatchCase
visitPatternInr
visitMatch
visitVar
Visiting StellaIdent: bf
visitListMatchCase: 
NEW MATCH 6
visitAMatchCase
visitPatternInl
VisitIf
visitVar
Visiting StellaIdent: b
visitSucc
ConstInt
visitInt: 0
ConstInt
visitInt: 0
AFTER EXPR: 2 2 6
END MATCH 6
NEW MATCH 6
visitAMatchCase
visitPatternInr
visitApplication
visitVar
Visiting StellaIdent: f
visitListExpr: 
----Before : 
visitApplication
visitVar
Visiting StellaIdent: f
visitListExpr: 
----Before : 
visitSucc
ConstInt
visitInt: 0
Before end application: 3 2
Before end application: 3 2
AFTER EXPR: 2 2 6
END MATCH 6
AFTER EXPR: 1 1 6
END MATCH 6
Fucntion go out: 3 2 6
Function name: g
Visiting StellaIdent: g
Visiting function declaration for main
visitListAnnotation: 
visitListParamDecl: 
visitAParamDecl
Visiting NAT: 14  12
SET the stellIDENT: x 2

Visiting StellaIdent: x
SomereturnType
Visiting NAT: 14  20
visitNoThrowType
visitListDecl: 
visitApplication
visitVar
Visiting StellaIdent: g
visitListExpr: 
----Before : 
visitInr
visitInr
visitAbstraction
visitListParamDecl: 
visitAParamDecl
Visiting NAT: 15  26
SET the stellIDENT: n 2

Visiting StellaIdent: n
visitApplication
visitVar
Visiting StellaIdent: g
visitListExpr: 
----Before : 
visitInl
visitVar
Visiting StellaIdent: n
Before end application: 3 2
Before end application: 3 2
Fucntion go out: 3 2 2
Function name: main
Visiting StellaIdent: main
<end of output>
Test time =   0.00 sec
----------------------------------------------------------
Test Passed.
"/home/bekzat/Documents/Innopolis/3_years/advance_compiler/week-2-typechecker-for-stella-with-simple-extensions-rkBekzat/tests/sum-types/well-typed/sum-types-1.stella" end time: Apr 12 23:40 MSK
"/home/bekzat/Documents/Innopolis/3_years/advance_compiler/week-2-typechecker-for-stella-with-simple-extensions-rkBekzat/tests/sum-types/well-typed/sum-types-1.stella" time elapsed: 00:00:00
----------------------------------------------------------

107/111 Testing: /home/bekzat/Documents/Innopolis/3_years/advance_compiler/week-2-typechecker-for-stella-with-simple-extensions-rkBekzat/tests/sum-types/well-typed/sum-types-2.stella
107/111 Test: /home/bekzat/Documents/Innopolis/3_years/advance_compiler/week-2-typechecker-for-stella-with-simple-extensions-rkBekzat/tests/sum-types/well-typed/sum-types-2.stella
Command: "/home/bekzat/Documents/Innopolis/3_years/advance_compiler/week-2-typechecker-for-stella-with-simple-extensions-rkBekzat/cmake-build-debug/stella-interpreter" "typecheck" "/home/bekzat/Documents/Innopolis/3_years/advance_compiler/week-2-typechecker-for-stella-with-simple-extensions-rkBekzat/tests/sum-types/well-typed/sum-types-2.stella"
Directory: /home/bekzat/Documents/Innopolis/3_years/advance_compiler/week-2-typechecker-for-stella-with-simple-extensions-rkBekzat/cmake-build-debug
"/home/bekzat/Documents/Innopolis/3_years/advance_compiler/week-2-typechecker-for-stella-with-simple-extensions-rkBekzat/tests/sum-types/well-typed/sum-types-2.stella" start time: Apr 12 23:40 MSK
Output:
----------------------------------------------------------
parsing succeeded!
prog is not null
Start Program
visitLanguageCore
visitListExtension: 
visitAnExtensionvisitListExtensionName: 
visitExtensionName: #sum-types
visitListDecl: 
Visiting function declaration for g
visitListAnnotation: 
visitListParamDecl: 
visitAParamDecl
visitTypeSum
Nat + (Bool + (fn (Nat) -> Nat))  

Nat + (Bool + (fn (Nat) -> Nat)) 
Nat     Bool + (fn (Nat) -> Nat) 

Visiting NAT: 4  9
visitTypeSum
Bool + (fn (Nat) -> Nat)  

Bool + (fn (Nat) -> Nat) 
Bool     fn (Nat) -> Nat 

visitBool
AMAZING WOKR: Bool 

visitTypeFun
visitListType: 
Visiting NAT: 4  27
Visiting NAT: 4  35
SET the stellIDENT: x 6

Visiting StellaIdent: x
SomereturnType
Visiting NAT: 4  45
visitNoThrowType
visitListDecl: 
visitMatch
visitVar
Visiting StellaIdent: x
visitListMatchCase: 
NEW MATCH 6
visitAMatchCase
visitPatternInl
visitSucc
visitVar
Visiting StellaIdent: n
AFTER EXPR: 1 1 6
END MATCH 6
NEW MATCH 6
visitAMatchCase
visitPatternInr
visitMatch
visitVar
Visiting StellaIdent: bf
visitListMatchCase: 
NEW MATCH 6
visitAMatchCase
visitPatternInr
visitApplication
visitVar
Visiting StellaIdent: f
visitListExpr: 
----Before : 
visitApplication
visitVar
Visiting StellaIdent: f
visitListExpr: 
----Before : 
visitSucc
ConstInt
visitInt: 0
Before end application: 3 2
Before end application: 3 2
AFTER EXPR: 2 2 6
END MATCH 6
NEW MATCH 6
visitAMatchCase
visitPatternInl
VisitIf
visitVar
Visiting StellaIdent: b
visitSucc
ConstInt
visitInt: 0
ConstInt
visitInt: 0
AFTER EXPR: 2 2 6
END MATCH 6
AFTER EXPR: 1 1 6
END MATCH 6
Fucntion go out: 3 2 6
Function name: g
Visiting StellaIdent: g
Visiting function declaration for main
visitListAnnotation: 
visitListParamDecl: 
visitAParamDecl
Visiting NAT: 14  12
SET the stellIDENT: x 2

Visiting StellaIdent: x
SomereturnType
Visiting NAT: 14  20
visitNoThrowType
visitListDecl: 
visitApplication
visitVar
Visiting StellaIdent: g
visitListExpr: 
----Before : 
visitInr
visitInr
visitAbstraction
visitListParamDecl: 
visitAParamDecl
Visiting NAT: 15  26
SET the stellIDENT: n 2

Visiting StellaIdent: n
visitApplication
visitVar
Visiting StellaIdent: g
visitListExpr: 
----Before : 
visitInl
visitVar
Visiting StellaIdent: n
Before end application: 3 2
Before end application: 3 2
Fucntion go out: 3 2 2
Function name: main
Visiting StellaIdent: main
<end of output>
Test time =   0.00 sec
----------------------------------------------------------
Test Passed.
"/home/bekzat/Documents/Innopolis/3_years/advance_compiler/week-2-typechecker-for-stella-with-simple-extensions-rkBekzat/tests/sum-types/well-typed/sum-types-2.stella" end time: Apr 12 23:40 MSK
"/home/bekzat/Documents/Innopolis/3_years/advance_compiler/week-2-typechecker-for-stella-with-simple-extensions-rkBekzat/tests/sum-types/well-typed/sum-types-2.stella" time elapsed: 00:00:00
----------------------------------------------------------

108/111 Testing: /home/bekzat/Documents/Innopolis/3_years/advance_compiler/week-2-typechecker-for-stella-with-simple-extensions-rkBekzat/tests/tuples/well-typed/tuples-1.stella
108/111 Test: /home/bekzat/Documents/Innopolis/3_years/advance_compiler/week-2-typechecker-for-stella-with-simple-extensions-rkBekzat/tests/tuples/well-typed/tuples-1.stella
Command: "/home/bekzat/Documents/Innopolis/3_years/advance_compiler/week-2-typechecker-for-stella-with-simple-extensions-rkBekzat/cmake-build-debug/stella-interpreter" "typecheck" "/home/bekzat/Documents/Innopolis/3_years/advance_compiler/week-2-typechecker-for-stella-with-simple-extensions-rkBekzat/tests/tuples/well-typed/tuples-1.stella"
Directory: /home/bekzat/Documents/Innopolis/3_years/advance_compiler/week-2-typechecker-for-stella-with-simple-extensions-rkBekzat/cmake-build-debug
"/home/bekzat/Documents/Innopolis/3_years/advance_compiler/week-2-typechecker-for-stella-with-simple-extensions-rkBekzat/tests/tuples/well-typed/tuples-1.stella" start time: Apr 12 23:40 MSK
Output:
----------------------------------------------------------
parsing succeeded!
prog is not null
Start Program
visitLanguageCore
visitListExtension: 
visitAnExtensionvisitListExtensionName: 
visitExtensionName: #tuples
visitListDecl: 
Visiting function declaration for rotate3
visitListAnnotation: 
visitListParamDecl: 
visitAParamDecl
visitTypeTuple
visitListType: 
Visiting NAT: 4  16
Visiting NAT: 4  21
Visiting NAT: 4  26
SET the stellIDENT: p 5

Visiting StellaIdent: p
SomereturnType
visitTypeTuple
visitListType: 
Visiting NAT: 4  36
Visiting NAT: 4  41
Visiting NAT: 4  46
visitNoThrowType
visitListDecl: 
visitTuple
visitListExpr: 
----Before : 
visitDotTuple
visitVar
Visiting StellaIdent: p
visitInt: 3


----Before : 
visitDotTuple
visitVar
Visiting StellaIdent: p
visitInt: 1


----Before : 
visitDotTuple
visitVar
Visiting StellaIdent: p
visitInt: 2


Fucntion go out: 3 5 5
Function name: rotate3
Visiting StellaIdent: rotate3
Visiting function declaration for main
visitListAnnotation: 
visitListParamDecl: 
visitAParamDecl
Visiting NAT: 8  12
SET the stellIDENT: x 2

Visiting StellaIdent: x
SomereturnType
visitTypeTuple
visitListType: 
Visiting NAT: 8  21
Visiting NAT: 8  26
Visiting NAT: 8  31
visitNoThrowType
visitListDecl: 
visitApplication
visitVar
Visiting StellaIdent: rotate3
visitListExpr: 
----Before : 
visitTuple
visitListExpr: 
----Before : 
visitVar
Visiting StellaIdent: x
----Before : 
visitSucc
visitVar
Visiting StellaIdent: x
----Before : 
visitSucc
visitSucc
visitVar
Visiting StellaIdent: x
Before end application: 3 5
Fucntion go out: 3 5 5
Function name: main
Visiting StellaIdent: main
<end of output>
Test time =   0.00 sec
----------------------------------------------------------
Test Passed.
"/home/bekzat/Documents/Innopolis/3_years/advance_compiler/week-2-typechecker-for-stella-with-simple-extensions-rkBekzat/tests/tuples/well-typed/tuples-1.stella" end time: Apr 12 23:40 MSK
"/home/bekzat/Documents/Innopolis/3_years/advance_compiler/week-2-typechecker-for-stella-with-simple-extensions-rkBekzat/tests/tuples/well-typed/tuples-1.stella" time elapsed: 00:00:00
----------------------------------------------------------

109/111 Testing: /home/bekzat/Documents/Innopolis/3_years/advance_compiler/week-2-typechecker-for-stella-with-simple-extensions-rkBekzat/tests/unit/well-typed/sample.stella
109/111 Test: /home/bekzat/Documents/Innopolis/3_years/advance_compiler/week-2-typechecker-for-stella-with-simple-extensions-rkBekzat/tests/unit/well-typed/sample.stella
Command: "/home/bekzat/Documents/Innopolis/3_years/advance_compiler/week-2-typechecker-for-stella-with-simple-extensions-rkBekzat/cmake-build-debug/stella-interpreter" "typecheck" "/home/bekzat/Documents/Innopolis/3_years/advance_compiler/week-2-typechecker-for-stella-with-simple-extensions-rkBekzat/tests/unit/well-typed/sample.stella"
Directory: /home/bekzat/Documents/Innopolis/3_years/advance_compiler/week-2-typechecker-for-stella-with-simple-extensions-rkBekzat/cmake-build-debug
"/home/bekzat/Documents/Innopolis/3_years/advance_compiler/week-2-typechecker-for-stella-with-simple-extensions-rkBekzat/tests/unit/well-typed/sample.stella" start time: Apr 12 23:40 MSK
Output:
----------------------------------------------------------
parsing succeeded!
prog is not null
Start Program
visitLanguageCore
visitListExtension: 
visitAnExtensionvisitListExtensionName: 
visitExtensionName: #unit-type
visitListDecl: 
Visiting function declaration for ignore
visitListAnnotation: 
visitListParamDecl: 
visitAParamDecl
Visiting NAT: 4  14
SET the stellIDENT: _ 2

Visiting StellaIdent: _
SomereturnType
visitTypeUnit
visitNoThrowType
visitListDecl: 
Fucntion go out: 3 4 4
Function name: ignore
Visiting StellaIdent: ignore
<end of output>
Test time =   0.00 sec
----------------------------------------------------------
Test Passed.
"/home/bekzat/Documents/Innopolis/3_years/advance_compiler/week-2-typechecker-for-stella-with-simple-extensions-rkBekzat/tests/unit/well-typed/sample.stella" end time: Apr 12 23:40 MSK
"/home/bekzat/Documents/Innopolis/3_years/advance_compiler/week-2-typechecker-for-stella-with-simple-extensions-rkBekzat/tests/unit/well-typed/sample.stella" time elapsed: 00:00:00
----------------------------------------------------------

110/111 Testing: /home/bekzat/Documents/Innopolis/3_years/advance_compiler/week-2-typechecker-for-stella-with-simple-extensions-rkBekzat/tests/variants/well-typed/variants-1.stella
110/111 Test: /home/bekzat/Documents/Innopolis/3_years/advance_compiler/week-2-typechecker-for-stella-with-simple-extensions-rkBekzat/tests/variants/well-typed/variants-1.stella
Command: "/home/bekzat/Documents/Innopolis/3_years/advance_compiler/week-2-typechecker-for-stella-with-simple-extensions-rkBekzat/cmake-build-debug/stella-interpreter" "typecheck" "/home/bekzat/Documents/Innopolis/3_years/advance_compiler/week-2-typechecker-for-stella-with-simple-extensions-rkBekzat/tests/variants/well-typed/variants-1.stella"
Directory: /home/bekzat/Documents/Innopolis/3_years/advance_compiler/week-2-typechecker-for-stella-with-simple-extensions-rkBekzat/cmake-build-debug
"/home/bekzat/Documents/Innopolis/3_years/advance_compiler/week-2-typechecker-for-stella-with-simple-extensions-rkBekzat/tests/variants/well-typed/variants-1.stella" start time: Apr 12 23:40 MSK
Output:
----------------------------------------------------------
parsing succeeded!
prog is not null
Start Program
visitLanguageCore
visitListExtension: 
visitAnExtensionvisitListExtensionName: 
visitExtensionName: #variants
visitAnExtensionvisitListExtensionName: 
visitExtensionName: #type-ascriptions
visitListDecl: 
Visiting function declaration for g
visitListAnnotation: 
visitListParamDecl: 
visitAParamDecl
visitTypeVariant
visitListVariantFieldType: 
visitAVariantFieldType
Visiting StellaIdent: number
visitSomeTyping
Visiting NAT: 5  21
visitAVariantFieldType
Visiting StellaIdent: boolean
visitSomeTyping
visitBool
AMAZING WOKR: Bool 

visitAVariantFieldType
Visiting StellaIdent: function
visitSomeTyping
visitTypeFun
visitListType: 
Visiting NAT: 5  56
Visiting NAT: 5  64
SET the stellIDENT: x 3

Visiting StellaIdent: x
SomereturnType
Visiting NAT: 5  75
visitNoThrowType
visitListDecl: 
visitMatch
visitVar
Visiting StellaIdent: x
ERROR: It's not sum type. On line6 at position: 9
<end of output>
Test time =   0.00 sec
----------------------------------------------------------
Test Failed.
"/home/bekzat/Documents/Innopolis/3_years/advance_compiler/week-2-typechecker-for-stella-with-simple-extensions-rkBekzat/tests/variants/well-typed/variants-1.stella" end time: Apr 12 23:40 MSK
"/home/bekzat/Documents/Innopolis/3_years/advance_compiler/week-2-typechecker-for-stella-with-simple-extensions-rkBekzat/tests/variants/well-typed/variants-1.stella" time elapsed: 00:00:00
----------------------------------------------------------

111/111 Testing: /home/bekzat/Documents/Innopolis/3_years/advance_compiler/week-2-typechecker-for-stella-with-simple-extensions-rkBekzat/tests/variants/well-typed/variants-2.stella
111/111 Test: /home/bekzat/Documents/Innopolis/3_years/advance_compiler/week-2-typechecker-for-stella-with-simple-extensions-rkBekzat/tests/variants/well-typed/variants-2.stella
Command: "/home/bekzat/Documents/Innopolis/3_years/advance_compiler/week-2-typechecker-for-stella-with-simple-extensions-rkBekzat/cmake-build-debug/stella-interpreter" "typecheck" "/home/bekzat/Documents/Innopolis/3_years/advance_compiler/week-2-typechecker-for-stella-with-simple-extensions-rkBekzat/tests/variants/well-typed/variants-2.stella"
Directory: /home/bekzat/Documents/Innopolis/3_years/advance_compiler/week-2-typechecker-for-stella-with-simple-extensions-rkBekzat/cmake-build-debug
"/home/bekzat/Documents/Innopolis/3_years/advance_compiler/week-2-typechecker-for-stella-with-simple-extensions-rkBekzat/tests/variants/well-typed/variants-2.stella" start time: Apr 12 23:40 MSK
Output:
----------------------------------------------------------
parsing succeeded!
prog is not null
Start Program
visitLanguageCore
visitListExtension: 
visitAnExtensionvisitListExtensionName: 
visitExtensionName: #variants
visitListDecl: 
Visiting function declaration for g
visitListAnnotation: 
visitListParamDecl: 
visitAParamDecl
visitTypeVariant
visitListVariantFieldType: 
visitAVariantFieldType
Visiting StellaIdent: number
visitSomeTyping
Visiting NAT: 4  21
visitAVariantFieldType
Visiting StellaIdent: boolean
visitSomeTyping
visitBool
AMAZING WOKR: Bool 

visitAVariantFieldType
Visiting StellaIdent: function
visitSomeTyping
visitTypeFun
visitListType: 
Visiting NAT: 4  56
Visiting NAT: 4  64
SET the stellIDENT: x 3

Visiting StellaIdent: x
SomereturnType
Visiting NAT: 4  75
visitNoThrowType
visitListDecl: 
visitMatch
visitVar
Visiting StellaIdent: x
ERROR: It's not sum type. On line5 at position: 9
<end of output>
Test time =   0.00 sec
----------------------------------------------------------
Test Failed.
"/home/bekzat/Documents/Innopolis/3_years/advance_compiler/week-2-typechecker-for-stella-with-simple-extensions-rkBekzat/tests/variants/well-typed/variants-2.stella" end time: Apr 12 23:40 MSK
"/home/bekzat/Documents/Innopolis/3_years/advance_compiler/week-2-typechecker-for-stella-with-simple-extensions-rkBekzat/tests/variants/well-typed/variants-2.stella" time elapsed: 00:00:00
----------------------------------------------------------

End testing: Apr 12 23:40 MSK
